[2025-09-24 17:00:09] [INFO   ] test.GUIDepositTest - Logging configuration loaded successfully.
[2025-09-24 17:00:09] [INFO   ] test.GUIDepositTest - Date-based FileHandler configured successfully.
[2025-09-24 17:00:09] [INFO   ] data.DatabaseManager - Executing DDL: CREATE TABLE IF NOT EXISTS account (
    account_id SERIAL PRIMARY KEY,
    owner_name VARCHAR(150) 
[2025-09-24 17:00:09] [INFO   ] data.DatabaseManager - Executing DDL: CREATE TABLE IF NOT EXISTS transactions (
    transaction_id UUID PRIMARY KEY DEFAULT gen_random_uui
[2025-09-24 17:00:09] [INFO   ] data.DatabaseManager - Database schema checked/created successfully from ddl.sql.
[2025-09-24 17:04:37] [INFO   ] test.GUIDepositTest - Logging configuration loaded successfully.
[2025-09-24 17:04:37] [INFO   ] test.GUIDepositTest - Date-based FileHandler configured successfully.
[2025-09-24 17:04:37] [INFO   ] data.DatabaseManager - Executing DDL: CREATE TABLE IF NOT EXISTS account (
    account_id SERIAL PRIMARY KEY,
    owner_name VARCHAR(150) 
[2025-09-24 17:04:37] [INFO   ] data.DatabaseManager - Executing DDL: CREATE TABLE IF NOT EXISTS transactions (
    transaction_id UUID PRIMARY KEY DEFAULT gen_random_uui
[2025-09-24 17:04:37] [INFO   ] data.DatabaseManager - Database schema checked/created successfully from ddl.sql.
[2025-09-24 17:05:39] [INFO   ] test.GUIDepositTest - Logging configuration loaded successfully.
[2025-09-24 17:05:39] [INFO   ] test.GUIDepositTest - Date-based FileHandler configured successfully.
[2025-09-24 17:05:39] [INFO   ] data.DatabaseManager - Executing DDL: CREATE TABLE IF NOT EXISTS account (
    account_id SERIAL PRIMARY KEY,
    owner_name VARCHAR(150) 
[2025-09-24 17:05:39] [INFO   ] data.DatabaseManager - Executing DDL: CREATE TABLE IF NOT EXISTS transactions (
    transaction_id UUID PRIMARY KEY DEFAULT gen_random_uui
[2025-09-24 17:05:39] [INFO   ] data.DatabaseManager - Database schema checked/created successfully from ddl.sql.
[2025-09-24 17:12:12] [INFO   ] test.GUIDepositTest - Logging configuration loaded successfully.
[2025-09-24 17:12:12] [INFO   ] test.GUIDepositTest - Date-based FileHandler configured successfully.
[2025-09-24 17:12:12] [INFO   ] data.DatabaseManager - Executing DDL: CREATE TABLE IF NOT EXISTS account (
    account_id SERIAL PRIMARY KEY,
    owner_name VARCHAR(150) 
[2025-09-24 17:12:12] [INFO   ] data.DatabaseManager - Executing DDL: CREATE TABLE IF NOT EXISTS transactions (
    transaction_id UUID PRIMARY KEY DEFAULT gen_random_uui
[2025-09-24 17:12:12] [INFO   ] data.DatabaseManager - Database schema checked/created successfully from ddl.sql.
[2025-09-24 17:13:41] [INFO   ] test.GUIDepositTest - Logging configuration loaded successfully.
[2025-09-24 17:13:41] [INFO   ] test.GUIDepositTest - Date-based FileHandler configured successfully.
[2025-09-24 17:13:42] [INFO   ] data.DatabaseManager - Executing DDL: CREATE TABLE IF NOT EXISTS account (
    account_id SERIAL PRIMARY KEY,
    owner_name VARCHAR(150) 
[2025-09-24 17:13:42] [INFO   ] data.DatabaseManager - Executing DDL: CREATE TABLE IF NOT EXISTS transactions (
    transaction_id UUID PRIMARY KEY DEFAULT gen_random_uui
[2025-09-24 17:13:42] [INFO   ] data.DatabaseManager - Database schema checked/created successfully from ddl.sql.
[2025-09-24 17:14:10] [INFO   ] test.GUIDepositTest - Logging configuration loaded successfully.
[2025-09-24 17:14:11] [INFO   ] test.GUIDepositTest - Date-based FileHandler configured successfully.
[2025-09-24 17:14:11] [INFO   ] data.DatabaseManager - Executing DDL: CREATE TABLE IF NOT EXISTS account (
    account_id SERIAL PRIMARY KEY,
    owner_name VARCHAR(150) 
[2025-09-24 17:14:11] [INFO   ] data.DatabaseManager - Executing DDL: CREATE TABLE IF NOT EXISTS transactions (
    transaction_id UUID PRIMARY KEY DEFAULT gen_random_uui
[2025-09-24 17:14:11] [INFO   ] data.DatabaseManager - Database schema checked/created successfully from ddl.sql.
[2025-09-24 17:53:07] [INFO   ] test.GUIDepositTest - Logging configuration loaded successfully.
[2025-09-24 17:53:07] [INFO   ] test.GUIDepositTest - Date-based FileHandler configured successfully.
[2025-09-24 17:53:08] [INFO   ] data.DatabaseManager - Executing DDL: CREATE TABLE IF NOT EXISTS account (
    account_id SERIAL PRIMARY KEY,
    owner_name VARCHAR(150) 
[2025-09-24 17:53:08] [INFO   ] data.DatabaseManager - Executing DDL: CREATE TABLE IF NOT EXISTS transactions (
    transaction_id UUID PRIMARY KEY DEFAULT gen_random_uui
[2025-09-24 17:53:08] [INFO   ] data.DatabaseManager - Database schema checked/created successfully from ddl.sql.
[2025-09-24 17:53:09] [INFO   ] test.GUIDepositTest - Submitted 1000 deposit tasks. Waiting for completion...
[2025-09-24 17:53:09] [INFO   ] business.service.BankService - pool-1-thread-5 deposited 10.0
[2025-09-24 17:53:09] [INFO   ] business.service.BankService - pool-1-thread-2 deposited 10.0
[2025-09-24 17:53:09] [INFO   ] business.service.BankService - pool-1-thread-6 deposited 10.0
[2025-09-24 17:53:09] [INFO   ] business.service.BankService - pool-1-thread-3 deposited 10.0
[2025-09-24 17:53:09] [INFO   ] business.service.BankService - pool-1-thread-14 deposited 10.0
[2025-09-24 17:53:09] [INFO   ] business.service.BankService - pool-1-thread-48 deposited 10.0
[2025-09-24 17:53:09] [INFO   ] business.service.BankService - pool-1-thread-28 deposited 10.0
[2025-09-24 17:53:09] [INFO   ] business.service.BankService - pool-1-thread-24 deposited 10.0
[2025-09-24 17:53:09] [INFO   ] business.service.BankService - pool-1-thread-4 deposited 10.0
[2025-09-24 17:53:09] [INFO   ] business.service.BankService - pool-1-thread-11 deposited 10.0
[2025-09-24 17:53:09] [INFO   ] business.service.BankService - pool-1-thread-35 deposited 10.0
[2025-09-24 17:53:09] [INFO   ] business.service.BankService - pool-1-thread-36 deposited 10.0
[2025-09-24 17:53:09] [INFO   ] business.service.BankService - pool-1-thread-72 deposited 10.0
[2025-09-24 17:53:10] [INFO   ] business.service.BankService - pool-1-thread-81 deposited 10.0
[2025-09-24 17:53:10] [INFO   ] business.service.BankService - pool-1-thread-39 deposited 10.0
[2025-09-24 17:53:10] [INFO   ] business.service.BankService - pool-1-thread-89 deposited 10.0
[2025-09-24 17:53:10] [INFO   ] business.service.BankService - pool-1-thread-76 deposited 10.0
[2025-09-24 17:53:10] [INFO   ] business.service.BankService - pool-1-thread-95 deposited 10.0
[2025-09-24 17:53:10] [INFO   ] business.service.BankService - pool-1-thread-25 deposited 10.0
[2025-09-24 17:53:10] [INFO   ] business.service.BankService - pool-1-thread-40 deposited 10.0
[2025-09-24 17:53:10] [INFO   ] business.service.BankService - pool-1-thread-47 deposited 10.0
[2025-09-24 17:53:10] [INFO   ] business.service.BankService - pool-1-thread-33 deposited 10.0
[2025-09-24 17:53:10] [INFO   ] business.service.BankService - pool-1-thread-99 deposited 10.0
[2025-09-24 17:53:10] [INFO   ] business.service.BankService - pool-1-thread-83 deposited 10.0
[2025-09-24 17:53:10] [INFO   ] business.service.BankService - pool-1-thread-18 deposited 10.0
[2025-09-24 17:53:10] [INFO   ] business.service.BankService - pool-1-thread-71 deposited 10.0
[2025-09-24 17:53:10] [INFO   ] business.service.BankService - pool-1-thread-1 deposited 10.0
[2025-09-24 17:53:10] [INFO   ] business.service.BankService - pool-1-thread-50 deposited 10.0
[2025-09-24 17:53:10] [INFO   ] business.service.BankService - pool-1-thread-74 deposited 10.0
[2025-09-24 17:53:10] [INFO   ] business.service.BankService - pool-1-thread-19 deposited 10.0
[2025-09-24 17:53:10] [INFO   ] business.service.BankService - pool-1-thread-88 deposited 10.0
[2025-09-24 17:53:10] [INFO   ] business.service.BankService - pool-1-thread-80 deposited 10.0
[2025-09-24 17:53:10] [INFO   ] business.service.BankService - pool-1-thread-92 deposited 10.0
[2025-09-24 17:53:10] [INFO   ] business.service.BankService - pool-1-thread-9 deposited 10.0
[2025-09-24 17:53:10] [INFO   ] business.service.BankService - pool-1-thread-65 deposited 10.0
[2025-09-24 17:53:10] [INFO   ] business.service.BankService - pool-1-thread-71 deposited 10.0
[2025-09-24 17:53:10] [INFO   ] business.service.BankService - pool-1-thread-26 deposited 10.0
[2025-09-24 17:53:10] [INFO   ] business.service.BankService - pool-1-thread-12 deposited 10.0
[2025-09-24 17:53:10] [INFO   ] business.service.BankService - pool-1-thread-49 deposited 10.0
[2025-09-24 17:53:10] [INFO   ] business.service.BankService - pool-1-thread-64 deposited 10.0
[2025-09-24 17:53:10] [INFO   ] business.service.BankService - pool-1-thread-85 deposited 10.0
[2025-09-24 17:53:10] [INFO   ] business.service.BankService - pool-1-thread-69 deposited 10.0
[2025-09-24 17:53:10] [INFO   ] business.service.BankService - pool-1-thread-52 deposited 10.0
[2025-09-24 17:53:10] [INFO   ] business.service.BankService - pool-1-thread-68 deposited 10.0
[2025-09-24 17:53:10] [INFO   ] business.service.BankService - pool-1-thread-44 deposited 10.0
[2025-09-24 17:53:10] [INFO   ] business.service.BankService - pool-1-thread-20 deposited 10.0
[2025-09-24 17:53:10] [INFO   ] business.service.BankService - pool-1-thread-18 deposited 10.0
[2025-09-24 17:53:10] [INFO   ] business.service.BankService - pool-1-thread-93 deposited 10.0
[2025-09-24 17:53:10] [INFO   ] business.service.BankService - pool-1-thread-24 deposited 10.0
[2025-09-24 17:53:10] [INFO   ] business.service.BankService - pool-1-thread-8 deposited 10.0
[2025-09-24 17:53:11] [INFO   ] business.service.BankService - pool-1-thread-50 deposited 10.0
[2025-09-24 17:53:11] [INFO   ] business.service.BankService - pool-1-thread-16 deposited 10.0
[2025-09-24 17:53:11] [INFO   ] business.service.BankService - pool-1-thread-12 deposited 10.0
[2025-09-24 17:53:11] [INFO   ] business.service.BankService - pool-1-thread-88 deposited 10.0
[2025-09-24 17:53:11] [INFO   ] business.service.BankService - pool-1-thread-64 deposited 10.0
[2025-09-24 17:53:11] [INFO   ] business.service.BankService - pool-1-thread-70 deposited 10.0
[2025-09-24 17:53:11] [INFO   ] business.service.BankService - pool-1-thread-10 deposited 10.0
[2025-09-24 17:53:11] [INFO   ] business.service.BankService - pool-1-thread-47 deposited 10.0
[2025-09-24 17:53:11] [INFO   ] business.service.BankService - pool-1-thread-91 deposited 10.0
[2025-09-24 17:53:11] [INFO   ] business.service.BankService - pool-1-thread-1 deposited 10.0
[2025-09-24 17:53:11] [INFO   ] business.service.BankService - pool-1-thread-74 deposited 10.0
[2025-09-24 17:53:11] [INFO   ] business.service.BankService - pool-1-thread-72 deposited 10.0
[2025-09-24 17:53:11] [INFO   ] business.service.BankService - pool-1-thread-54 deposited 10.0
[2025-09-24 17:53:11] [INFO   ] business.service.BankService - pool-1-thread-51 deposited 10.0
[2025-09-24 17:53:11] [INFO   ] business.service.BankService - pool-1-thread-66 deposited 10.0
[2025-09-24 17:53:11] [INFO   ] business.service.BankService - pool-1-thread-22 deposited 10.0
[2025-09-24 17:53:11] [INFO   ] business.service.BankService - pool-1-thread-87 deposited 10.0
[2025-09-24 17:53:11] [INFO   ] business.service.BankService - pool-1-thread-43 deposited 10.0
[2025-09-24 17:53:11] [INFO   ] business.service.BankService - pool-1-thread-6 deposited 10.0
[2025-09-24 17:53:11] [INFO   ] business.service.BankService - pool-1-thread-48 deposited 10.0
[2025-09-24 17:53:11] [INFO   ] business.service.BankService - pool-1-thread-5 deposited 10.0
[2025-09-24 17:53:11] [INFO   ] business.service.BankService - pool-1-thread-96 deposited 10.0
[2025-09-24 17:53:11] [INFO   ] business.service.BankService - pool-1-thread-11 deposited 10.0
[2025-09-24 17:53:11] [INFO   ] business.service.BankService - pool-1-thread-63 deposited 10.0
[2025-09-24 17:53:11] [INFO   ] business.service.BankService - pool-1-thread-26 deposited 10.0
[2025-09-24 17:53:11] [INFO   ] business.service.BankService - pool-1-thread-7 deposited 10.0
[2025-09-24 17:53:11] [INFO   ] business.service.BankService - pool-1-thread-62 deposited 10.0
[2025-09-24 17:53:11] [INFO   ] business.service.BankService - pool-1-thread-59 deposited 10.0
[2025-09-24 17:53:11] [INFO   ] business.service.BankService - pool-1-thread-61 deposited 10.0
[2025-09-24 17:53:11] [INFO   ] business.service.BankService - pool-1-thread-89 deposited 10.0
[2025-09-24 17:53:11] [INFO   ] business.service.BankService - pool-1-thread-86 deposited 10.0
[2025-09-24 17:53:11] [INFO   ] business.service.BankService - pool-1-thread-58 deposited 10.0
[2025-09-24 17:53:11] [INFO   ] business.service.BankService - pool-1-thread-24 deposited 10.0
[2025-09-24 17:53:11] [INFO   ] business.service.BankService - pool-1-thread-77 deposited 10.0
[2025-09-24 17:53:11] [INFO   ] business.service.BankService - pool-1-thread-80 deposited 10.0
[2025-09-24 17:53:11] [INFO   ] business.service.BankService - pool-1-thread-39 deposited 10.0
[2025-09-24 17:53:11] [INFO   ] business.service.BankService - pool-1-thread-49 deposited 10.0
[2025-09-24 17:53:11] [INFO   ] business.service.BankService - pool-1-thread-13 deposited 10.0
[2025-09-24 17:53:11] [INFO   ] business.service.BankService - pool-1-thread-69 deposited 10.0
[2025-09-24 17:53:11] [INFO   ] business.service.BankService - pool-1-thread-82 deposited 10.0
[2025-09-24 17:53:11] [INFO   ] business.service.BankService - pool-1-thread-98 deposited 10.0
[2025-09-24 17:53:11] [INFO   ] business.service.BankService - pool-1-thread-90 deposited 10.0
[2025-09-24 17:53:11] [INFO   ] business.service.BankService - pool-1-thread-78 deposited 10.0
[2025-09-24 17:53:11] [INFO   ] business.service.BankService - pool-1-thread-29 deposited 10.0
[2025-09-24 17:53:11] [INFO   ] business.service.BankService - pool-1-thread-34 deposited 10.0
[2025-09-24 17:53:11] [INFO   ] business.service.BankService - pool-1-thread-46 deposited 10.0
[2025-09-24 17:53:11] [INFO   ] business.service.BankService - pool-1-thread-54 deposited 10.0
[2025-09-24 17:53:11] [INFO   ] business.service.BankService - pool-1-thread-73 deposited 10.0
[2025-09-24 17:53:11] [INFO   ] business.service.BankService - pool-1-thread-57 deposited 10.0
[2025-09-24 17:53:11] [INFO   ] business.service.BankService - pool-1-thread-4 deposited 10.0
[2025-09-24 17:53:11] [INFO   ] business.service.BankService - pool-1-thread-41 deposited 10.0
[2025-09-24 17:53:11] [INFO   ] business.service.BankService - pool-1-thread-1 deposited 10.0
[2025-09-24 17:53:12] [INFO   ] business.service.BankService - pool-1-thread-55 deposited 10.0
[2025-09-24 17:53:12] [INFO   ] business.service.BankService - pool-1-thread-78 deposited 10.0
[2025-09-24 17:53:12] [INFO   ] business.service.BankService - pool-1-thread-25 deposited 10.0
[2025-09-24 17:53:12] [INFO   ] business.service.BankService - pool-1-thread-82 deposited 10.0
[2025-09-24 17:53:12] [INFO   ] business.service.BankService - pool-1-thread-77 deposited 10.0
[2025-09-24 17:53:12] [INFO   ] business.service.BankService - pool-1-thread-26 deposited 10.0
[2025-09-24 17:53:12] [INFO   ] business.service.BankService - pool-1-thread-35 deposited 10.0
[2025-09-24 17:53:12] [INFO   ] business.service.BankService - pool-1-thread-97 deposited 10.0
[2025-09-24 17:53:12] [INFO   ] business.service.BankService - pool-1-thread-49 deposited 10.0
[2025-09-24 17:53:12] [INFO   ] business.service.BankService - pool-1-thread-10 deposited 10.0
[2025-09-24 17:53:12] [INFO   ] business.service.BankService - pool-1-thread-90 deposited 10.0
[2025-09-24 17:53:12] [INFO   ] business.service.BankService - pool-1-thread-30 deposited 10.0
[2025-09-24 17:53:12] [INFO   ] business.service.BankService - pool-1-thread-24 deposited 10.0
[2025-09-24 17:53:12] [INFO   ] business.service.BankService - pool-1-thread-42 deposited 10.0
[2025-09-24 17:53:12] [INFO   ] business.service.BankService - pool-1-thread-15 deposited 10.0
[2025-09-24 17:53:12] [INFO   ] business.service.BankService - pool-1-thread-45 deposited 10.0
[2025-09-24 17:53:12] [INFO   ] business.service.BankService - pool-1-thread-9 deposited 10.0
[2025-09-24 17:53:12] [INFO   ] business.service.BankService - pool-1-thread-56 deposited 10.0
[2025-09-24 17:53:12] [INFO   ] business.service.BankService - pool-1-thread-81 deposited 10.0
[2025-09-24 17:53:12] [INFO   ] business.service.BankService - pool-1-thread-72 deposited 10.0
[2025-09-24 17:53:12] [INFO   ] business.service.BankService - pool-1-thread-38 deposited 10.0
[2025-09-24 17:53:12] [INFO   ] business.service.BankService - pool-1-thread-53 deposited 10.0
[2025-09-24 17:53:12] [INFO   ] business.service.BankService - pool-1-thread-21 deposited 10.0
[2025-09-24 17:53:12] [INFO   ] business.service.BankService - pool-1-thread-14 deposited 10.0
[2025-09-24 17:53:12] [INFO   ] business.service.BankService - pool-1-thread-94 deposited 10.0
[2025-09-24 17:53:12] [INFO   ] business.service.BankService - pool-1-thread-58 deposited 10.0
[2025-09-24 17:53:12] [INFO   ] business.service.BankService - pool-1-thread-29 deposited 10.0
[2025-09-24 17:53:12] [INFO   ] business.service.BankService - pool-1-thread-28 deposited 10.0
[2025-09-24 17:53:12] [INFO   ] business.service.BankService - pool-1-thread-67 deposited 10.0
[2025-09-24 17:53:12] [INFO   ] business.service.BankService - pool-1-thread-8 deposited 10.0
[2025-09-24 17:53:12] [INFO   ] business.service.BankService - pool-1-thread-92 deposited 10.0
[2025-09-24 17:53:12] [INFO   ] business.service.BankService - pool-1-thread-2 deposited 10.0
[2025-09-24 17:53:12] [INFO   ] business.service.BankService - pool-1-thread-71 deposited 10.0
[2025-09-24 17:53:12] [INFO   ] business.service.BankService - pool-1-thread-84 deposited 10.0
[2025-09-24 17:53:12] [INFO   ] business.service.BankService - pool-1-thread-32 deposited 10.0
[2025-09-24 17:53:12] [INFO   ] business.service.BankService - pool-1-thread-83 deposited 10.0
[2025-09-24 17:53:12] [INFO   ] business.service.BankService - pool-1-thread-11 deposited 10.0
[2025-09-24 17:53:12] [INFO   ] business.service.BankService - pool-1-thread-17 deposited 10.0
[2025-09-24 17:53:12] [INFO   ] business.service.BankService - pool-1-thread-66 deposited 10.0
[2025-09-24 17:53:12] [INFO   ] business.service.BankService - pool-1-thread-100 deposited 10.0
[2025-09-24 17:53:12] [INFO   ] business.service.BankService - pool-1-thread-99 deposited 10.0
[2025-09-24 17:53:12] [INFO   ] business.service.BankService - pool-1-thread-79 deposited 10.0
[2025-09-24 17:53:12] [INFO   ] business.service.BankService - pool-1-thread-16 deposited 10.0
[2025-09-24 17:53:12] [INFO   ] business.service.BankService - pool-1-thread-13 deposited 10.0
[2025-09-24 17:53:12] [INFO   ] business.service.BankService - pool-1-thread-18 deposited 10.0
[2025-09-24 17:53:12] [INFO   ] business.service.BankService - pool-1-thread-50 deposited 10.0
[2025-09-24 17:53:12] [INFO   ] business.service.BankService - pool-1-thread-36 deposited 10.0
[2025-09-24 17:53:12] [INFO   ] business.service.BankService - pool-1-thread-10 deposited 10.0
[2025-09-24 17:53:12] [INFO   ] business.service.BankService - pool-1-thread-19 deposited 10.0
[2025-09-24 17:53:12] [INFO   ] business.service.BankService - pool-1-thread-96 deposited 10.0
[2025-09-24 17:53:12] [INFO   ] business.service.BankService - pool-1-thread-62 deposited 10.0
[2025-09-24 17:53:12] [INFO   ] business.service.BankService - pool-1-thread-52 deposited 10.0
[2025-09-24 17:53:12] [INFO   ] business.service.BankService - pool-1-thread-85 deposited 10.0
[2025-09-24 17:53:12] [INFO   ] business.service.BankService - pool-1-thread-5 deposited 10.0
[2025-09-24 17:53:13] [INFO   ] business.service.BankService - pool-1-thread-3 deposited 10.0
[2025-09-24 17:53:13] [INFO   ] business.service.BankService - pool-1-thread-73 deposited 10.0
[2025-09-24 17:53:13] [INFO   ] business.service.BankService - pool-1-thread-75 deposited 10.0
[2025-09-24 17:53:13] [INFO   ] business.service.BankService - pool-1-thread-65 deposited 10.0
[2025-09-24 17:53:13] [INFO   ] business.service.BankService - pool-1-thread-80 deposited 10.0
[2025-09-24 17:53:13] [INFO   ] business.service.BankService - pool-1-thread-91 deposited 10.0
[2025-09-24 17:53:13] [INFO   ] business.service.BankService - pool-1-thread-46 deposited 10.0
[2025-09-24 17:53:13] [INFO   ] business.service.BankService - pool-1-thread-87 deposited 10.0
[2025-09-24 17:53:13] [INFO   ] business.service.BankService - pool-1-thread-41 deposited 10.0
[2025-09-24 17:53:13] [INFO   ] business.service.BankService - pool-1-thread-74 deposited 10.0
[2025-09-24 17:53:13] [INFO   ] business.service.BankService - pool-1-thread-66 deposited 10.0
[2025-09-24 17:53:13] [INFO   ] business.service.BankService - pool-1-thread-51 deposited 10.0
[2025-09-24 17:53:13] [INFO   ] business.service.BankService - pool-1-thread-95 deposited 10.0
[2025-09-24 17:53:13] [INFO   ] business.service.BankService - pool-1-thread-35 deposited 10.0
[2025-09-24 17:53:13] [INFO   ] business.service.BankService - pool-1-thread-31 deposited 10.0
[2025-09-24 17:53:13] [INFO   ] business.service.BankService - pool-1-thread-53 deposited 10.0
[2025-09-24 17:53:13] [INFO   ] business.service.BankService - pool-1-thread-48 deposited 10.0
[2025-09-24 17:53:13] [INFO   ] business.service.BankService - pool-1-thread-77 deposited 10.0
[2025-09-24 17:53:13] [INFO   ] business.service.BankService - pool-1-thread-88 deposited 10.0
[2025-09-24 17:53:13] [INFO   ] business.service.BankService - pool-1-thread-14 deposited 10.0
[2025-09-24 17:53:13] [INFO   ] business.service.BankService - pool-1-thread-69 deposited 10.0
[2025-09-24 17:53:13] [INFO   ] business.service.BankService - pool-1-thread-27 deposited 10.0
[2025-09-24 17:53:13] [INFO   ] business.service.BankService - pool-1-thread-39 deposited 10.0
[2025-09-24 17:53:13] [INFO   ] business.service.BankService - pool-1-thread-63 deposited 10.0
[2025-09-24 17:53:13] [INFO   ] business.service.BankService - pool-1-thread-33 deposited 10.0
[2025-09-24 17:53:13] [INFO   ] business.service.BankService - pool-1-thread-6 deposited 10.0
[2025-09-24 17:53:13] [INFO   ] business.service.BankService - pool-1-thread-57 deposited 10.0
[2025-09-24 17:53:13] [INFO   ] business.service.BankService - pool-1-thread-89 deposited 10.0
[2025-09-24 17:53:13] [INFO   ] business.service.BankService - pool-1-thread-49 deposited 10.0
[2025-09-24 17:53:13] [INFO   ] business.service.BankService - pool-1-thread-70 deposited 10.0
[2025-09-24 17:53:13] [INFO   ] business.service.BankService - pool-1-thread-60 deposited 10.0
[2025-09-24 17:53:13] [INFO   ] business.service.BankService - pool-1-thread-7 deposited 10.0
[2025-09-24 17:53:13] [INFO   ] business.service.BankService - pool-1-thread-20 deposited 10.0
[2025-09-24 17:53:13] [INFO   ] business.service.BankService - pool-1-thread-22 deposited 10.0
[2025-09-24 17:53:13] [INFO   ] business.service.BankService - pool-1-thread-87 deposited 10.0
[2025-09-24 17:53:13] [INFO   ] business.service.BankService - pool-1-thread-76 deposited 10.0
[2025-09-24 17:53:13] [INFO   ] business.service.BankService - pool-1-thread-2 deposited 10.0
[2025-09-24 17:53:13] [INFO   ] business.service.BankService - pool-1-thread-71 deposited 10.0
[2025-09-24 17:53:13] [INFO   ] business.service.BankService - pool-1-thread-37 deposited 10.0
[2025-09-24 17:53:13] [INFO   ] business.service.BankService - pool-1-thread-73 deposited 10.0
[2025-09-24 17:53:13] [INFO   ] business.service.BankService - pool-1-thread-68 deposited 10.0
[2025-09-24 17:53:13] [INFO   ] business.service.BankService - pool-1-thread-15 deposited 10.0
[2025-09-24 17:53:13] [INFO   ] business.service.BankService - pool-1-thread-44 deposited 10.0
[2025-09-24 17:53:13] [INFO   ] business.service.BankService - pool-1-thread-18 deposited 10.0
[2025-09-24 17:53:13] [INFO   ] business.service.BankService - pool-1-thread-43 deposited 10.0
[2025-09-24 17:53:13] [INFO   ] business.service.BankService - pool-1-thread-61 deposited 10.0
[2025-09-24 17:53:13] [INFO   ] business.service.BankService - pool-1-thread-21 deposited 10.0
[2025-09-24 17:53:13] [INFO   ] business.service.BankService - pool-1-thread-82 deposited 10.0
[2025-09-24 17:53:13] [INFO   ] business.service.BankService - pool-1-thread-59 deposited 10.0
[2025-09-24 17:53:13] [INFO   ] business.service.BankService - pool-1-thread-17 deposited 10.0
[2025-09-24 17:53:13] [INFO   ] business.service.BankService - pool-1-thread-100 deposited 10.0
[2025-09-24 17:53:13] [INFO   ] business.service.BankService - pool-1-thread-47 deposited 10.0
[2025-09-24 17:53:13] [INFO   ] business.service.BankService - pool-1-thread-55 deposited 10.0
[2025-09-24 17:53:13] [INFO   ] business.service.BankService - pool-1-thread-34 deposited 10.0
[2025-09-24 17:53:13] [INFO   ] business.service.BankService - pool-1-thread-26 deposited 10.0
[2025-09-24 17:53:13] [INFO   ] business.service.BankService - pool-1-thread-33 deposited 10.0
[2025-09-24 17:53:14] [INFO   ] business.service.BankService - pool-1-thread-2 deposited 10.0
[2025-09-24 17:53:14] [INFO   ] business.service.BankService - pool-1-thread-9 deposited 10.0
[2025-09-24 17:53:14] [INFO   ] business.service.BankService - pool-1-thread-54 deposited 10.0
[2025-09-24 17:53:14] [INFO   ] business.service.BankService - pool-1-thread-82 deposited 10.0
[2025-09-24 17:53:14] [INFO   ] business.service.BankService - pool-1-thread-5 deposited 10.0
[2025-09-24 17:53:14] [INFO   ] business.service.BankService - pool-1-thread-93 deposited 10.0
[2025-09-24 17:53:14] [INFO   ] business.service.BankService - pool-1-thread-64 deposited 10.0
[2025-09-24 17:53:14] [INFO   ] business.service.BankService - pool-1-thread-76 deposited 10.0
[2025-09-24 17:53:14] [INFO   ] business.service.BankService - pool-1-thread-20 deposited 10.0
[2025-09-24 17:53:14] [INFO   ] business.service.BankService - pool-1-thread-81 deposited 10.0
[2025-09-24 17:53:14] [INFO   ] business.service.BankService - pool-1-thread-23 deposited 10.0
[2025-09-24 17:53:14] [INFO   ] business.service.BankService - pool-1-thread-51 deposited 10.0
[2025-09-24 17:53:14] [INFO   ] business.service.BankService - pool-1-thread-29 deposited 10.0
[2025-09-24 17:53:14] [INFO   ] business.service.BankService - pool-1-thread-83 deposited 10.0
[2025-09-24 17:53:14] [INFO   ] business.service.BankService - pool-1-thread-72 deposited 10.0
[2025-09-24 17:53:14] [INFO   ] business.service.BankService - pool-1-thread-40 deposited 10.0
[2025-09-24 17:53:14] [INFO   ] business.service.BankService - pool-1-thread-65 deposited 10.0
[2025-09-24 17:53:14] [INFO   ] business.service.BankService - pool-1-thread-57 deposited 10.0
[2025-09-24 17:53:14] [INFO   ] business.service.BankService - pool-1-thread-67 deposited 10.0
[2025-09-24 17:53:14] [INFO   ] business.service.BankService - pool-1-thread-80 deposited 10.0
[2025-09-24 17:53:14] [INFO   ] business.service.BankService - pool-1-thread-84 deposited 10.0
[2025-09-24 17:53:14] [INFO   ] business.service.BankService - pool-1-thread-56 deposited 10.0
[2025-09-24 17:53:14] [INFO   ] business.service.BankService - pool-1-thread-13 deposited 10.0
[2025-09-24 17:53:14] [INFO   ] business.service.BankService - pool-1-thread-10 deposited 10.0
[2025-09-24 17:53:14] [INFO   ] business.service.BankService - pool-1-thread-77 deposited 10.0
[2025-09-24 17:53:14] [INFO   ] business.service.BankService - pool-1-thread-53 deposited 10.0
[2025-09-24 17:53:14] [INFO   ] business.service.BankService - pool-1-thread-17 deposited 10.0
[2025-09-24 17:53:14] [INFO   ] business.service.BankService - pool-1-thread-75 deposited 10.0
[2025-09-24 17:53:14] [INFO   ] business.service.BankService - pool-1-thread-50 deposited 10.0
[2025-09-24 17:53:14] [INFO   ] business.service.BankService - pool-1-thread-74 deposited 10.0
[2025-09-24 17:53:14] [INFO   ] business.service.BankService - pool-1-thread-79 deposited 10.0
[2025-09-24 17:53:14] [INFO   ] business.service.BankService - pool-1-thread-12 deposited 10.0
[2025-09-24 17:53:14] [INFO   ] business.service.BankService - pool-1-thread-97 deposited 10.0
[2025-09-24 17:53:14] [INFO   ] business.service.BankService - pool-1-thread-57 deposited 10.0
[2025-09-24 17:53:14] [INFO   ] business.service.BankService - pool-1-thread-24 deposited 10.0
[2025-09-24 17:53:14] [INFO   ] business.service.BankService - pool-1-thread-27 deposited 10.0
[2025-09-24 17:53:14] [INFO   ] business.service.BankService - pool-1-thread-65 deposited 10.0
[2025-09-24 17:53:14] [INFO   ] business.service.BankService - pool-1-thread-87 deposited 10.0
[2025-09-24 17:53:14] [INFO   ] business.service.BankService - pool-1-thread-8 deposited 10.0
[2025-09-24 17:53:14] [INFO   ] business.service.BankService - pool-1-thread-29 deposited 10.0
[2025-09-24 17:53:14] [INFO   ] business.service.BankService - pool-1-thread-41 deposited 10.0
[2025-09-24 17:53:14] [INFO   ] business.service.BankService - pool-1-thread-63 deposited 10.0
[2025-09-24 17:53:14] [INFO   ] business.service.BankService - pool-1-thread-46 deposited 10.0
[2025-09-24 17:53:14] [INFO   ] business.service.BankService - pool-1-thread-18 deposited 10.0
[2025-09-24 17:53:14] [INFO   ] business.service.BankService - pool-1-thread-31 deposited 10.0
[2025-09-24 17:53:14] [INFO   ] business.service.BankService - pool-1-thread-86 deposited 10.0
[2025-09-24 17:53:14] [INFO   ] business.service.BankService - pool-1-thread-58 deposited 10.0
[2025-09-24 17:53:14] [INFO   ] business.service.BankService - pool-1-thread-37 deposited 10.0
[2025-09-24 17:53:14] [INFO   ] business.service.BankService - pool-1-thread-59 deposited 10.0
[2025-09-24 17:53:14] [INFO   ] business.service.BankService - pool-1-thread-93 deposited 10.0
[2025-09-24 17:53:14] [INFO   ] business.service.BankService - pool-1-thread-70 deposited 10.0
[2025-09-24 17:53:14] [INFO   ] business.service.BankService - pool-1-thread-60 deposited 10.0
[2025-09-24 17:53:14] [INFO   ] business.service.BankService - pool-1-thread-51 deposited 10.0
[2025-09-24 17:53:14] [INFO   ] business.service.BankService - pool-1-thread-13 deposited 10.0
[2025-09-24 17:53:14] [INFO   ] business.service.BankService - pool-1-thread-62 deposited 10.0
[2025-09-24 17:53:14] [INFO   ] business.service.BankService - pool-1-thread-83 deposited 10.0
[2025-09-24 17:53:14] [INFO   ] business.service.BankService - pool-1-thread-49 deposited 10.0
[2025-09-24 17:53:14] [INFO   ] business.service.BankService - pool-1-thread-40 deposited 10.0
[2025-09-24 17:53:14] [INFO   ] business.service.BankService - pool-1-thread-42 deposited 10.0
[2025-09-24 17:53:14] [INFO   ] business.service.BankService - pool-1-thread-94 deposited 10.0
[2025-09-24 17:53:14] [INFO   ] business.service.BankService - pool-1-thread-36 deposited 10.0
[2025-09-24 17:53:14] [INFO   ] business.service.BankService - pool-1-thread-95 deposited 10.0
[2025-09-24 17:53:14] [INFO   ] business.service.BankService - pool-1-thread-7 deposited 10.0
[2025-09-24 17:53:14] [INFO   ] business.service.BankService - pool-1-thread-91 deposited 10.0
[2025-09-24 17:53:14] [INFO   ] business.service.BankService - pool-1-thread-98 deposited 10.0
[2025-09-24 17:53:14] [INFO   ] business.service.BankService - pool-1-thread-23 deposited 10.0
[2025-09-24 17:53:14] [INFO   ] business.service.BankService - pool-1-thread-1 deposited 10.0
[2025-09-24 17:53:14] [INFO   ] business.service.BankService - pool-1-thread-99 deposited 10.0
[2025-09-24 17:53:14] [INFO   ] business.service.BankService - pool-1-thread-48 deposited 10.0
[2025-09-24 17:53:14] [INFO   ] business.service.BankService - pool-1-thread-90 deposited 10.0
[2025-09-24 17:53:14] [INFO   ] business.service.BankService - pool-1-thread-66 deposited 10.0
[2025-09-24 17:53:14] [INFO   ] business.service.BankService - pool-1-thread-85 deposited 10.0
[2025-09-24 17:53:14] [INFO   ] business.service.BankService - pool-1-thread-35 deposited 10.0
[2025-09-24 17:53:14] [INFO   ] business.service.BankService - pool-1-thread-61 deposited 10.0
[2025-09-24 17:53:14] [INFO   ] business.service.BankService - pool-1-thread-88 deposited 10.0
[2025-09-24 17:53:14] [INFO   ] business.service.BankService - pool-1-thread-38 deposited 10.0
[2025-09-24 17:53:15] [INFO   ] business.service.BankService - pool-1-thread-69 deposited 10.0
[2025-09-24 17:53:15] [INFO   ] business.service.BankService - pool-1-thread-22 deposited 10.0
[2025-09-24 17:53:15] [INFO   ] business.service.BankService - pool-1-thread-89 deposited 10.0
[2025-09-24 17:53:15] [INFO   ] business.service.BankService - pool-1-thread-11 deposited 10.0
[2025-09-24 17:53:15] [INFO   ] business.service.BankService - pool-1-thread-92 deposited 10.0
[2025-09-24 17:53:15] [INFO   ] business.service.BankService - pool-1-thread-95 deposited 10.0
[2025-09-24 17:53:15] [INFO   ] business.service.BankService - pool-1-thread-47 deposited 10.0
[2025-09-24 17:53:15] [INFO   ] business.service.BankService - pool-1-thread-96 deposited 10.0
[2025-09-24 17:53:15] [INFO   ] business.service.BankService - pool-1-thread-3 deposited 10.0
[2025-09-24 17:53:15] [INFO   ] business.service.BankService - pool-1-thread-41 deposited 10.0
[2025-09-24 17:53:15] [INFO   ] business.service.BankService - pool-1-thread-32 deposited 10.0
[2025-09-24 17:53:15] [INFO   ] business.service.BankService - pool-1-thread-67 deposited 10.0
[2025-09-24 17:53:15] [INFO   ] business.service.BankService - pool-1-thread-25 deposited 10.0
[2025-09-24 17:53:15] [INFO   ] business.service.BankService - pool-1-thread-68 deposited 10.0
[2025-09-24 17:53:15] [INFO   ] business.service.BankService - pool-1-thread-34 deposited 10.0
[2025-09-24 17:53:15] [INFO   ] business.service.BankService - pool-1-thread-84 deposited 10.0
[2025-09-24 17:53:15] [INFO   ] business.service.BankService - pool-1-thread-14 deposited 10.0
[2025-09-24 17:53:15] [INFO   ] business.service.BankService - pool-1-thread-33 deposited 10.0
[2025-09-24 17:53:15] [INFO   ] business.service.BankService - pool-1-thread-6 deposited 10.0
[2025-09-24 17:53:15] [INFO   ] business.service.BankService - pool-1-thread-9 deposited 10.0
[2025-09-24 17:53:15] [INFO   ] business.service.BankService - pool-1-thread-45 deposited 10.0
[2025-09-24 17:53:15] [INFO   ] business.service.BankService - pool-1-thread-52 deposited 10.0
[2025-09-24 17:53:15] [INFO   ] business.service.BankService - pool-1-thread-26 deposited 10.0
[2025-09-24 17:53:15] [INFO   ] business.service.BankService - pool-1-thread-64 deposited 10.0
[2025-09-24 17:53:15] [INFO   ] business.service.BankService - pool-1-thread-100 deposited 10.0
[2025-09-24 17:53:15] [INFO   ] business.service.BankService - pool-1-thread-54 deposited 10.0
[2025-09-24 17:53:15] [INFO   ] business.service.BankService - pool-1-thread-10 deposited 10.0
[2025-09-24 17:53:15] [INFO   ] business.service.BankService - pool-1-thread-78 deposited 10.0
[2025-09-24 17:53:15] [INFO   ] business.service.BankService - pool-1-thread-91 deposited 10.0
[2025-09-24 17:53:15] [INFO   ] business.service.BankService - pool-1-thread-19 deposited 10.0
[2025-09-24 17:53:15] [INFO   ] business.service.BankService - pool-1-thread-60 deposited 10.0
[2025-09-24 17:53:15] [INFO   ] business.service.BankService - pool-1-thread-73 deposited 10.0
[2025-09-24 17:53:15] [INFO   ] business.service.BankService - pool-1-thread-8 deposited 10.0
[2025-09-24 17:53:15] [INFO   ] business.service.BankService - pool-1-thread-93 deposited 10.0
[2025-09-24 17:53:15] [INFO   ] business.service.BankService - pool-1-thread-85 deposited 10.0
[2025-09-24 17:53:15] [INFO   ] business.service.BankService - pool-1-thread-27 deposited 10.0
[2025-09-24 17:53:15] [INFO   ] business.service.BankService - pool-1-thread-11 deposited 10.0
[2025-09-24 17:53:15] [INFO   ] business.service.BankService - pool-1-thread-15 deposited 10.0
[2025-09-24 17:53:15] [INFO   ] business.service.BankService - pool-1-thread-28 deposited 10.0
[2025-09-24 17:53:15] [INFO   ] business.service.BankService - pool-1-thread-20 deposited 10.0
[2025-09-24 17:53:15] [INFO   ] business.service.BankService - pool-1-thread-24 deposited 10.0
[2025-09-24 17:53:15] [INFO   ] business.service.BankService - pool-1-thread-81 deposited 10.0
[2025-09-24 17:53:15] [INFO   ] business.service.BankService - pool-1-thread-4 deposited 10.0
[2025-09-24 17:53:15] [INFO   ] business.service.BankService - pool-1-thread-39 deposited 10.0
[2025-09-24 17:53:15] [INFO   ] business.service.BankService - pool-1-thread-82 deposited 10.0
[2025-09-24 17:53:15] [INFO   ] business.service.BankService - pool-1-thread-63 deposited 10.0
[2025-09-24 17:53:15] [INFO   ] business.service.BankService - pool-1-thread-17 deposited 10.0
[2025-09-24 17:53:15] [INFO   ] business.service.BankService - pool-1-thread-40 deposited 10.0
[2025-09-24 17:53:15] [INFO   ] business.service.BankService - pool-1-thread-70 deposited 10.0
[2025-09-24 17:53:15] [INFO   ] business.service.BankService - pool-1-thread-59 deposited 10.0
[2025-09-24 17:53:15] [INFO   ] business.service.BankService - pool-1-thread-88 deposited 10.0
[2025-09-24 17:53:15] [INFO   ] business.service.BankService - pool-1-thread-94 deposited 10.0
[2025-09-24 17:53:15] [INFO   ] business.service.BankService - pool-1-thread-80 deposited 10.0
[2025-09-24 17:53:15] [INFO   ] business.service.BankService - pool-1-thread-43 deposited 10.0
[2025-09-24 17:53:15] [INFO   ] business.service.BankService - pool-1-thread-2 deposited 10.0
[2025-09-24 17:53:15] [INFO   ] business.service.BankService - pool-1-thread-65 deposited 10.0
[2025-09-24 17:53:16] [INFO   ] business.service.BankService - pool-1-thread-79 deposited 10.0
[2025-09-24 17:53:16] [INFO   ] business.service.BankService - pool-1-thread-61 deposited 10.0
[2025-09-24 17:53:16] [INFO   ] business.service.BankService - pool-1-thread-56 deposited 10.0
[2025-09-24 17:53:16] [INFO   ] business.service.BankService - pool-1-thread-72 deposited 10.0
[2025-09-24 17:53:16] [INFO   ] business.service.BankService - pool-1-thread-1 deposited 10.0
[2025-09-24 17:53:16] [INFO   ] business.service.BankService - pool-1-thread-29 deposited 10.0
[2025-09-24 17:53:16] [INFO   ] business.service.BankService - pool-1-thread-49 deposited 10.0
[2025-09-24 17:53:16] [INFO   ] business.service.BankService - pool-1-thread-55 deposited 10.0
[2025-09-24 17:53:16] [INFO   ] business.service.BankService - pool-1-thread-53 deposited 10.0
[2025-09-24 17:53:16] [INFO   ] business.service.BankService - pool-1-thread-36 deposited 10.0
[2025-09-24 17:53:16] [INFO   ] business.service.BankService - pool-1-thread-69 deposited 10.0
[2025-09-24 17:53:16] [INFO   ] business.service.BankService - pool-1-thread-98 deposited 10.0
[2025-09-24 17:53:16] [INFO   ] business.service.BankService - pool-1-thread-66 deposited 10.0
[2025-09-24 17:53:16] [INFO   ] business.service.BankService - pool-1-thread-87 deposited 10.0
[2025-09-24 17:53:16] [INFO   ] business.service.BankService - pool-1-thread-83 deposited 10.0
[2025-09-24 17:53:16] [INFO   ] business.service.BankService - pool-1-thread-34 deposited 10.0
[2025-09-24 17:53:16] [INFO   ] business.service.BankService - pool-1-thread-96 deposited 10.0
[2025-09-24 17:53:16] [INFO   ] business.service.BankService - pool-1-thread-58 deposited 10.0
[2025-09-24 17:53:16] [INFO   ] business.service.BankService - pool-1-thread-33 deposited 10.0
[2025-09-24 17:53:16] [INFO   ] business.service.BankService - pool-1-thread-54 deposited 10.0
[2025-09-24 17:53:16] [INFO   ] business.service.BankService - pool-1-thread-99 deposited 10.0
[2025-09-24 17:53:16] [INFO   ] business.service.BankService - pool-1-thread-7 deposited 10.0
[2025-09-24 17:53:16] [INFO   ] business.service.BankService - pool-1-thread-30 deposited 10.0
[2025-09-24 17:53:16] [INFO   ] business.service.BankService - pool-1-thread-16 deposited 10.0
[2025-09-24 17:53:16] [INFO   ] business.service.BankService - pool-1-thread-14 deposited 10.0
[2025-09-24 17:53:16] [INFO   ] business.service.BankService - pool-1-thread-5 deposited 10.0
[2025-09-24 17:53:16] [INFO   ] business.service.BankService - pool-1-thread-89 deposited 10.0
[2025-09-24 17:53:16] [INFO   ] business.service.BankService - pool-1-thread-67 deposited 10.0
[2025-09-24 17:53:16] [INFO   ] business.service.BankService - pool-1-thread-76 deposited 10.0
[2025-09-24 17:53:16] [INFO   ] business.service.BankService - pool-1-thread-13 deposited 10.0
[2025-09-24 17:53:16] [INFO   ] business.service.BankService - pool-1-thread-52 deposited 10.0
[2025-09-24 17:53:16] [INFO   ] business.service.BankService - pool-1-thread-8 deposited 10.0
[2025-09-24 17:53:16] [INFO   ] business.service.BankService - pool-1-thread-93 deposited 10.0
[2025-09-24 17:53:16] [INFO   ] business.service.BankService - pool-1-thread-68 deposited 10.0
[2025-09-24 17:53:16] [INFO   ] business.service.BankService - pool-1-thread-31 deposited 10.0
[2025-09-24 17:53:16] [INFO   ] business.service.BankService - pool-1-thread-72 deposited 10.0
[2025-09-24 17:53:16] [INFO   ] business.service.BankService - pool-1-thread-22 deposited 10.0
[2025-09-24 17:53:16] [INFO   ] business.service.BankService - pool-1-thread-100 deposited 10.0
[2025-09-24 17:53:16] [INFO   ] business.service.BankService - pool-1-thread-73 deposited 10.0
[2025-09-24 17:53:16] [INFO   ] business.service.BankService - pool-1-thread-11 deposited 10.0
[2025-09-24 17:53:16] [INFO   ] business.service.BankService - pool-1-thread-19 deposited 10.0
[2025-09-24 17:53:16] [INFO   ] business.service.BankService - pool-1-thread-43 deposited 10.0
[2025-09-24 17:53:16] [INFO   ] business.service.BankService - pool-1-thread-95 deposited 10.0
[2025-09-24 17:53:16] [INFO   ] business.service.BankService - pool-1-thread-60 deposited 10.0
[2025-09-24 17:53:16] [INFO   ] business.service.BankService - pool-1-thread-92 deposited 10.0
[2025-09-24 17:53:16] [INFO   ] business.service.BankService - pool-1-thread-77 deposited 10.0
[2025-09-24 17:53:16] [INFO   ] business.service.BankService - pool-1-thread-18 deposited 10.0
[2025-09-24 17:53:16] [INFO   ] business.service.BankService - pool-1-thread-46 deposited 10.0
[2025-09-24 17:53:16] [INFO   ] business.service.BankService - pool-1-thread-21 deposited 10.0
[2025-09-24 17:53:16] [INFO   ] business.service.BankService - pool-1-thread-44 deposited 10.0
[2025-09-24 17:53:16] [INFO   ] business.service.BankService - pool-1-thread-71 deposited 10.0
[2025-09-24 17:53:16] [INFO   ] business.service.BankService - pool-1-thread-23 deposited 10.0
[2025-09-24 17:53:16] [INFO   ] business.service.BankService - pool-1-thread-25 deposited 10.0
[2025-09-24 17:53:16] [INFO   ] business.service.BankService - pool-1-thread-74 deposited 10.0
[2025-09-24 17:53:16] [INFO   ] business.service.BankService - pool-1-thread-10 deposited 10.0
[2025-09-24 17:53:16] [INFO   ] business.service.BankService - pool-1-thread-48 deposited 10.0
[2025-09-24 17:53:16] [INFO   ] business.service.BankService - pool-1-thread-35 deposited 10.0
[2025-09-24 17:53:16] [INFO   ] business.service.BankService - pool-1-thread-42 deposited 10.0
[2025-09-24 17:53:16] [INFO   ] business.service.BankService - pool-1-thread-56 deposited 10.0
[2025-09-24 17:53:16] [INFO   ] business.service.BankService - pool-1-thread-94 deposited 10.0
[2025-09-24 17:53:16] [INFO   ] business.service.BankService - pool-1-thread-51 deposited 10.0
[2025-09-24 17:53:16] [INFO   ] business.service.BankService - pool-1-thread-41 deposited 10.0
[2025-09-24 17:53:16] [INFO   ] business.service.BankService - pool-1-thread-57 deposited 10.0
[2025-09-24 17:53:16] [INFO   ] business.service.BankService - pool-1-thread-6 deposited 10.0
[2025-09-24 17:53:16] [INFO   ] business.service.BankService - pool-1-thread-9 deposited 10.0
[2025-09-24 17:53:16] [INFO   ] business.service.BankService - pool-1-thread-45 deposited 10.0
[2025-09-24 17:53:16] [INFO   ] business.service.BankService - pool-1-thread-4 deposited 10.0
[2025-09-24 17:53:16] [INFO   ] business.service.BankService - pool-1-thread-86 deposited 10.0
[2025-09-24 17:53:16] [INFO   ] business.service.BankService - pool-1-thread-50 deposited 10.0
[2025-09-24 17:53:16] [INFO   ] business.service.BankService - pool-1-thread-75 deposited 10.0
[2025-09-24 17:53:16] [INFO   ] business.service.BankService - pool-1-thread-2 deposited 10.0
[2025-09-24 17:53:16] [INFO   ] business.service.BankService - pool-1-thread-26 deposited 10.0
[2025-09-24 17:53:16] [INFO   ] business.service.BankService - pool-1-thread-61 deposited 10.0
[2025-09-24 17:53:16] [INFO   ] business.service.BankService - pool-1-thread-81 deposited 10.0
[2025-09-24 17:53:16] [INFO   ] business.service.BankService - pool-1-thread-37 deposited 10.0
[2025-09-24 17:53:16] [INFO   ] business.service.BankService - pool-1-thread-97 deposited 10.0
[2025-09-24 17:53:16] [INFO   ] business.service.BankService - pool-1-thread-78 deposited 10.0
[2025-09-24 17:53:16] [INFO   ] business.service.BankService - pool-1-thread-85 deposited 10.0
[2025-09-24 17:53:16] [INFO   ] business.service.BankService - pool-1-thread-59 deposited 10.0
[2025-09-24 17:53:16] [INFO   ] business.service.BankService - pool-1-thread-84 deposited 10.0
[2025-09-24 17:53:16] [INFO   ] business.service.BankService - pool-1-thread-90 deposited 10.0
[2025-09-24 17:53:16] [INFO   ] business.service.BankService - pool-1-thread-32 deposited 10.0
[2025-09-24 17:53:16] [INFO   ] business.service.BankService - pool-1-thread-1 deposited 10.0
[2025-09-24 17:53:16] [INFO   ] business.service.BankService - pool-1-thread-40 deposited 10.0
[2025-09-24 17:53:16] [INFO   ] business.service.BankService - pool-1-thread-82 deposited 10.0
[2025-09-24 17:53:16] [INFO   ] business.service.BankService - pool-1-thread-20 deposited 10.0
[2025-09-24 17:53:16] [INFO   ] business.service.BankService - pool-1-thread-38 deposited 10.0
[2025-09-24 17:53:16] [INFO   ] business.service.BankService - pool-1-thread-91 deposited 10.0
[2025-09-24 17:53:16] [INFO   ] business.service.BankService - pool-1-thread-39 deposited 10.0
[2025-09-24 17:53:17] [INFO   ] business.service.BankService - pool-1-thread-29 deposited 10.0
[2025-09-24 17:53:17] [INFO   ] business.service.BankService - pool-1-thread-63 deposited 10.0
[2025-09-24 17:53:17] [INFO   ] business.service.BankService - pool-1-thread-88 deposited 10.0
[2025-09-24 17:53:17] [INFO   ] business.service.BankService - pool-1-thread-47 deposited 10.0
[2025-09-24 17:53:17] [INFO   ] business.service.BankService - pool-1-thread-27 deposited 10.0
[2025-09-24 17:53:17] [INFO   ] business.service.BankService - pool-1-thread-24 deposited 10.0
[2025-09-24 17:53:17] [INFO   ] business.service.BankService - pool-1-thread-28 deposited 10.0
[2025-09-24 17:53:17] [INFO   ] business.service.BankService - pool-1-thread-17 deposited 10.0
[2025-09-24 17:53:17] [INFO   ] business.service.BankService - pool-1-thread-3 deposited 10.0
[2025-09-24 17:53:17] [INFO   ] business.service.BankService - pool-1-thread-12 deposited 10.0
[2025-09-24 17:53:17] [INFO   ] business.service.BankService - pool-1-thread-70 deposited 10.0
[2025-09-24 17:53:17] [INFO   ] business.service.BankService - pool-1-thread-49 deposited 10.0
[2025-09-24 17:53:17] [INFO   ] business.service.BankService - pool-1-thread-65 deposited 10.0
[2025-09-24 17:53:17] [INFO   ] business.service.BankService - pool-1-thread-80 deposited 10.0
[2025-09-24 17:53:17] [INFO   ] business.service.BankService - pool-1-thread-62 deposited 10.0
[2025-09-24 17:53:17] [INFO   ] business.service.BankService - pool-1-thread-64 deposited 10.0
[2025-09-24 17:53:17] [INFO   ] business.service.BankService - pool-1-thread-15 deposited 10.0
[2025-09-24 17:53:17] [INFO   ] business.service.BankService - pool-1-thread-79 deposited 10.0
[2025-09-24 17:53:17] [INFO   ] business.service.BankService - pool-1-thread-36 deposited 10.0
[2025-09-24 17:53:17] [INFO   ] business.service.BankService - pool-1-thread-69 deposited 10.0
[2025-09-24 17:53:17] [INFO   ] business.service.BankService - pool-1-thread-55 deposited 10.0
[2025-09-24 17:53:17] [INFO   ] business.service.BankService - pool-1-thread-98 deposited 10.0
[2025-09-24 17:53:17] [INFO   ] business.service.BankService - pool-1-thread-53 deposited 10.0
[2025-09-24 17:53:17] [INFO   ] business.service.BankService - pool-1-thread-87 deposited 10.0
[2025-09-24 17:53:17] [INFO   ] business.service.BankService - pool-1-thread-99 deposited 10.0
[2025-09-24 17:53:17] [INFO   ] business.service.BankService - pool-1-thread-30 deposited 10.0
[2025-09-24 17:53:17] [INFO   ] business.service.BankService - pool-1-thread-34 deposited 10.0
[2025-09-24 17:53:17] [INFO   ] business.service.BankService - pool-1-thread-58 deposited 10.0
[2025-09-24 17:53:17] [INFO   ] business.service.BankService - pool-1-thread-72 deposited 10.0
[2025-09-24 17:53:17] [INFO   ] business.service.BankService - pool-1-thread-52 deposited 10.0
[2025-09-24 17:53:17] [INFO   ] business.service.BankService - pool-1-thread-95 deposited 10.0
[2025-09-24 17:53:17] [INFO   ] business.service.BankService - pool-1-thread-66 deposited 10.0
[2025-09-24 17:53:17] [INFO   ] business.service.BankService - pool-1-thread-54 deposited 10.0
[2025-09-24 17:53:17] [INFO   ] business.service.BankService - pool-1-thread-22 deposited 10.0
[2025-09-24 17:53:17] [INFO   ] business.service.BankService - pool-1-thread-83 deposited 10.0
[2025-09-24 17:53:17] [INFO   ] business.service.BankService - pool-1-thread-7 deposited 10.0
[2025-09-24 17:53:17] [INFO   ] business.service.BankService - pool-1-thread-14 deposited 10.0
[2025-09-24 17:53:18] [INFO   ] business.service.BankService - pool-1-thread-82 deposited 10.0
[2025-09-24 17:53:18] [INFO   ] business.service.BankService - pool-1-thread-74 deposited 10.0
[2025-09-24 17:53:18] [INFO   ] business.service.BankService - pool-1-thread-60 deposited 10.0
[2025-09-24 17:53:18] [INFO   ] business.service.BankService - pool-1-thread-56 deposited 10.0
[2025-09-24 17:53:18] [INFO   ] business.service.BankService - pool-1-thread-5 deposited 10.0
[2025-09-24 17:53:18] [INFO   ] business.service.BankService - pool-1-thread-67 deposited 10.0
[2025-09-24 17:53:18] [INFO   ] business.service.BankService - pool-1-thread-79 deposited 10.0
[2025-09-24 17:53:18] [INFO   ] business.service.BankService - pool-1-thread-8 deposited 10.0
[2025-09-24 17:53:18] [INFO   ] business.service.BankService - pool-1-thread-96 deposited 10.0
[2025-09-24 17:53:18] [INFO   ] business.service.BankService - pool-1-thread-78 deposited 10.0
[2025-09-24 17:53:18] [INFO   ] business.service.BankService - pool-1-thread-73 deposited 10.0
[2025-09-24 17:53:18] [INFO   ] business.service.BankService - pool-1-thread-72 deposited 10.0
[2025-09-24 17:53:18] [INFO   ] business.service.BankService - pool-1-thread-25 deposited 10.0
[2025-09-24 17:53:18] [INFO   ] business.service.BankService - pool-1-thread-94 deposited 10.0
[2025-09-24 17:53:18] [INFO   ] business.service.BankService - pool-1-thread-58 deposited 10.0
[2025-09-24 17:53:18] [INFO   ] business.service.BankService - pool-1-thread-19 deposited 10.0
[2025-09-24 17:53:18] [INFO   ] business.service.BankService - pool-1-thread-13 deposited 10.0
[2025-09-24 17:53:18] [INFO   ] business.service.BankService - pool-1-thread-63 deposited 10.0
[2025-09-24 17:53:18] [INFO   ] business.service.BankService - pool-1-thread-47 deposited 10.0
[2025-09-24 17:53:18] [INFO   ] business.service.BankService - pool-1-thread-55 deposited 10.0
[2025-09-24 17:53:18] [INFO   ] business.service.BankService - pool-1-thread-50 deposited 10.0
[2025-09-24 17:53:18] [INFO   ] business.service.BankService - pool-1-thread-56 deposited 10.0
[2025-09-24 17:53:18] [INFO   ] business.service.BankService - pool-1-thread-22 deposited 10.0
[2025-09-24 17:53:18] [INFO   ] business.service.BankService - pool-1-thread-67 deposited 10.0
[2025-09-24 17:53:18] [INFO   ] business.service.BankService - pool-1-thread-79 deposited 10.0
[2025-09-24 17:53:18] [INFO   ] business.service.BankService - pool-1-thread-66 deposited 10.0
[2025-09-24 17:53:18] [INFO   ] business.service.BankService - pool-1-thread-33 deposited 10.0
[2025-09-24 17:53:18] [INFO   ] business.service.BankService - pool-1-thread-6 deposited 10.0
[2025-09-24 17:53:18] [INFO   ] business.service.BankService - pool-1-thread-16 deposited 10.0
[2025-09-24 17:53:18] [INFO   ] business.service.BankService - pool-1-thread-73 deposited 10.0
[2025-09-24 17:53:18] [INFO   ] business.service.BankService - pool-1-thread-31 deposited 10.0
[2025-09-24 17:53:18] [INFO   ] business.service.BankService - pool-1-thread-60 deposited 10.0
[2025-09-24 17:53:18] [INFO   ] business.service.BankService - pool-1-thread-41 deposited 10.0
[2025-09-24 17:53:18] [INFO   ] business.service.BankService - pool-1-thread-44 deposited 10.0
[2025-09-24 17:53:18] [INFO   ] business.service.BankService - pool-1-thread-38 deposited 10.0
[2025-09-24 17:53:18] [INFO   ] business.service.BankService - pool-1-thread-47 deposited 10.0
[2025-09-24 17:53:18] [INFO   ] business.service.BankService - pool-1-thread-63 deposited 10.0
[2025-09-24 17:53:18] [INFO   ] business.service.BankService - pool-1-thread-3 deposited 10.0
[2025-09-24 17:53:18] [INFO   ] business.service.BankService - pool-1-thread-92 deposited 10.0
[2025-09-24 17:53:18] [INFO   ] business.service.BankService - pool-1-thread-6 deposited 10.0
[2025-09-24 17:53:18] [INFO   ] business.service.BankService - pool-1-thread-27 deposited 10.0
[2025-09-24 17:53:18] [INFO   ] business.service.BankService - pool-1-thread-81 deposited 10.0
[2025-09-24 17:53:18] [INFO   ] business.service.BankService - pool-1-thread-13 deposited 10.0
[2025-09-24 17:53:18] [INFO   ] business.service.BankService - pool-1-thread-30 deposited 10.0
[2025-09-24 17:53:18] [INFO   ] business.service.BankService - pool-1-thread-71 deposited 10.0
[2025-09-24 17:53:18] [INFO   ] business.service.BankService - pool-1-thread-46 deposited 10.0
[2025-09-24 17:53:19] [INFO   ] business.service.BankService - pool-1-thread-79 deposited 10.0
[2025-09-24 17:53:19] [INFO   ] business.service.BankService - pool-1-thread-93 deposited 10.0
[2025-09-24 17:53:19] [INFO   ] business.service.BankService - pool-1-thread-98 deposited 10.0
[2025-09-24 17:53:19] [INFO   ] business.service.BankService - pool-1-thread-21 deposited 10.0
[2025-09-24 17:53:19] [INFO   ] business.service.BankService - pool-1-thread-26 deposited 10.0
[2025-09-24 17:53:19] [INFO   ] business.service.BankService - pool-1-thread-57 deposited 10.0
[2025-09-24 17:53:19] [INFO   ] business.service.BankService - pool-1-thread-88 deposited 10.0
[2025-09-24 17:53:19] [INFO   ] business.service.BankService - pool-1-thread-72 deposited 10.0
[2025-09-24 17:53:19] [INFO   ] business.service.BankService - pool-1-thread-13 deposited 10.0
[2025-09-24 17:53:19] [INFO   ] business.service.BankService - pool-1-thread-58 deposited 10.0
[2025-09-24 17:53:19] [INFO   ] business.service.BankService - pool-1-thread-9 deposited 10.0
[2025-09-24 17:53:19] [INFO   ] business.service.BankService - pool-1-thread-59 deposited 10.0
[2025-09-24 17:53:19] [INFO   ] business.service.BankService - pool-1-thread-82 deposited 10.0
[2025-09-24 17:53:19] [INFO   ] business.service.BankService - pool-1-thread-41 deposited 10.0
[2025-09-24 17:53:19] [INFO   ] business.service.BankService - pool-1-thread-47 deposited 10.0
[2025-09-24 17:53:19] [INFO   ] business.service.BankService - pool-1-thread-50 deposited 10.0
[2025-09-24 17:53:19] [INFO   ] business.service.BankService - pool-1-thread-10 deposited 10.0
[2025-09-24 17:53:19] [INFO   ] business.service.BankService - pool-1-thread-67 deposited 10.0
[2025-09-24 17:53:19] [INFO   ] business.service.BankService - pool-1-thread-71 deposited 10.0
[2025-09-24 17:53:19] [INFO   ] business.service.BankService - pool-1-thread-21 deposited 10.0
[2025-09-24 17:53:19] [INFO   ] business.service.BankService - pool-1-thread-39 deposited 10.0
[2025-09-24 17:53:19] [INFO   ] business.service.BankService - pool-1-thread-98 deposited 10.0
[2025-09-24 17:53:19] [INFO   ] business.service.BankService - pool-1-thread-64 deposited 10.0
[2025-09-24 17:53:19] [INFO   ] business.service.BankService - pool-1-thread-92 deposited 10.0
[2025-09-24 17:53:19] [INFO   ] business.service.BankService - pool-1-thread-41 deposited 10.0
[2025-09-24 17:53:19] [INFO   ] business.service.BankService - pool-1-thread-52 deposited 10.0
[2025-09-24 17:53:19] [INFO   ] business.service.BankService - pool-1-thread-32 deposited 10.0
[2025-09-24 17:53:19] [INFO   ] business.service.BankService - pool-1-thread-24 deposited 10.0
[2025-09-24 17:53:19] [INFO   ] business.service.BankService - pool-1-thread-25 deposited 10.0
[2025-09-24 17:53:19] [INFO   ] business.service.BankService - pool-1-thread-91 deposited 10.0
[2025-09-24 17:53:19] [INFO   ] business.service.BankService - pool-1-thread-90 deposited 10.0
[2025-09-24 17:53:19] [INFO   ] business.service.BankService - pool-1-thread-48 deposited 10.0
[2025-09-24 17:53:19] [INFO   ] business.service.BankService - pool-1-thread-33 deposited 10.0
[2025-09-24 17:53:19] [INFO   ] business.service.BankService - pool-1-thread-34 deposited 10.0
[2025-09-24 17:53:19] [INFO   ] business.service.BankService - pool-1-thread-37 deposited 10.0
[2025-09-24 17:53:19] [INFO   ] business.service.BankService - pool-1-thread-69 deposited 10.0
[2025-09-24 17:53:19] [INFO   ] business.service.BankService - pool-1-thread-5 deposited 10.0
[2025-09-24 17:53:19] [INFO   ] business.service.BankService - pool-1-thread-1 deposited 10.0
[2025-09-24 17:53:19] [INFO   ] business.service.BankService - pool-1-thread-15 deposited 10.0
[2025-09-24 17:53:19] [INFO   ] business.service.BankService - pool-1-thread-40 deposited 10.0
[2025-09-24 17:53:19] [INFO   ] business.service.BankService - pool-1-thread-84 deposited 10.0
[2025-09-24 17:53:19] [INFO   ] business.service.BankService - pool-1-thread-56 deposited 10.0
[2025-09-24 17:53:19] [INFO   ] business.service.BankService - pool-1-thread-24 deposited 10.0
[2025-09-24 17:53:19] [INFO   ] business.service.BankService - pool-1-thread-67 deposited 10.0
[2025-09-24 17:53:19] [INFO   ] business.service.BankService - pool-1-thread-14 deposited 10.0
[2025-09-24 17:53:19] [INFO   ] business.service.BankService - pool-1-thread-82 deposited 10.0
[2025-09-24 17:53:19] [INFO   ] business.service.BankService - pool-1-thread-95 deposited 10.0
[2025-09-24 17:53:19] [INFO   ] business.service.BankService - pool-1-thread-7 deposited 10.0
[2025-09-24 17:53:19] [INFO   ] business.service.BankService - pool-1-thread-53 deposited 10.0
[2025-09-24 17:53:19] [INFO   ] business.service.BankService - pool-1-thread-74 deposited 10.0
[2025-09-24 17:53:19] [INFO   ] business.service.BankService - pool-1-thread-77 deposited 10.0
[2025-09-24 17:53:19] [INFO   ] business.service.BankService - pool-1-thread-44 deposited 10.0
[2025-09-24 17:53:19] [INFO   ] business.service.BankService - pool-1-thread-30 deposited 10.0
[2025-09-24 17:53:19] [INFO   ] business.service.BankService - pool-1-thread-75 deposited 10.0
[2025-09-24 17:53:19] [INFO   ] business.service.BankService - pool-1-thread-51 deposited 10.0
[2025-09-24 17:53:19] [INFO   ] business.service.BankService - pool-1-thread-43 deposited 10.0
[2025-09-24 17:53:19] [INFO   ] business.service.BankService - pool-1-thread-50 deposited 10.0
[2025-09-24 17:53:19] [INFO   ] business.service.BankService - pool-1-thread-100 deposited 10.0
[2025-09-24 17:53:19] [INFO   ] business.service.BankService - pool-1-thread-79 deposited 10.0
[2025-09-24 17:53:20] [INFO   ] business.service.BankService - pool-1-thread-38 deposited 10.0
[2025-09-24 17:53:20] [INFO   ] business.service.BankService - pool-1-thread-91 deposited 10.0
[2025-09-24 17:53:20] [INFO   ] business.service.BankService - pool-1-thread-35 deposited 10.0
[2025-09-24 17:53:20] [INFO   ] business.service.BankService - pool-1-thread-86 deposited 10.0
[2025-09-24 17:53:20] [INFO   ] business.service.BankService - pool-1-thread-94 deposited 10.0
[2025-09-24 17:53:20] [INFO   ] business.service.BankService - pool-1-thread-26 deposited 10.0
[2025-09-24 17:53:20] [INFO   ] business.service.BankService - pool-1-thread-87 deposited 10.0
[2025-09-24 17:53:20] [INFO   ] business.service.BankService - pool-1-thread-99 deposited 10.0
[2025-09-24 17:53:20] [INFO   ] business.service.BankService - pool-1-thread-52 deposited 10.0
[2025-09-24 17:53:20] [INFO   ] business.service.BankService - pool-1-thread-78 deposited 10.0
[2025-09-24 17:53:20] [INFO   ] business.service.BankService - pool-1-thread-28 deposited 10.0
[2025-09-24 17:53:20] [INFO   ] business.service.BankService - pool-1-thread-80 deposited 10.0
[2025-09-24 17:53:20] [INFO   ] business.service.BankService - pool-1-thread-20 deposited 10.0
[2025-09-24 17:53:20] [INFO   ] business.service.BankService - pool-1-thread-23 deposited 10.0
[2025-09-24 17:53:20] [INFO   ] business.service.BankService - pool-1-thread-60 deposited 10.0
[2025-09-24 17:53:20] [INFO   ] business.service.BankService - pool-1-thread-83 deposited 10.0
[2025-09-24 17:53:20] [INFO   ] business.service.BankService - pool-1-thread-11 deposited 10.0
[2025-09-24 17:53:20] [INFO   ] business.service.BankService - pool-1-thread-22 deposited 10.0
[2025-09-24 17:53:20] [INFO   ] business.service.BankService - pool-1-thread-61 deposited 10.0
[2025-09-24 17:53:20] [INFO   ] business.service.BankService - pool-1-thread-2 deposited 10.0
[2025-09-24 17:53:20] [INFO   ] business.service.BankService - pool-1-thread-57 deposited 10.0
[2025-09-24 17:53:20] [INFO   ] business.service.BankService - pool-1-thread-92 deposited 10.0
[2025-09-24 17:53:20] [INFO   ] business.service.BankService - pool-1-thread-8 deposited 10.0
[2025-09-24 17:53:20] [INFO   ] business.service.BankService - pool-1-thread-33 deposited 10.0
[2025-09-24 17:53:20] [INFO   ] business.service.BankService - pool-1-thread-88 deposited 10.0
[2025-09-24 17:53:20] [INFO   ] business.service.BankService - pool-1-thread-32 deposited 10.0
[2025-09-24 17:53:20] [INFO   ] business.service.BankService - pool-1-thread-19 deposited 10.0
[2025-09-24 17:53:20] [INFO   ] business.service.BankService - pool-1-thread-93 deposited 10.0
[2025-09-24 17:53:20] [INFO   ] business.service.BankService - pool-1-thread-89 deposited 10.0
[2025-09-24 17:53:20] [INFO   ] business.service.BankService - pool-1-thread-39 deposited 10.0
[2025-09-24 17:53:20] [INFO   ] business.service.BankService - pool-1-thread-16 deposited 10.0
[2025-09-24 17:53:20] [INFO   ] business.service.BankService - pool-1-thread-91 deposited 10.0
[2025-09-24 17:53:20] [INFO   ] business.service.BankService - pool-1-thread-66 deposited 10.0
[2025-09-24 17:53:20] [INFO   ] business.service.BankService - pool-1-thread-51 deposited 10.0
[2025-09-24 17:53:20] [INFO   ] business.service.BankService - pool-1-thread-72 deposited 10.0
[2025-09-24 17:53:20] [INFO   ] business.service.BankService - pool-1-thread-100 deposited 10.0
[2025-09-24 17:53:20] [INFO   ] business.service.BankService - pool-1-thread-17 deposited 10.0
[2025-09-24 17:53:20] [INFO   ] business.service.BankService - pool-1-thread-85 deposited 10.0
[2025-09-24 17:53:20] [INFO   ] business.service.BankService - pool-1-thread-77 deposited 10.0
[2025-09-24 17:53:20] [INFO   ] business.service.BankService - pool-1-thread-1 deposited 10.0
[2025-09-24 17:53:20] [INFO   ] business.service.BankService - pool-1-thread-96 deposited 10.0
[2025-09-24 17:53:20] [INFO   ] business.service.BankService - pool-1-thread-35 deposited 10.0
[2025-09-24 17:53:20] [INFO   ] business.service.BankService - pool-1-thread-7 deposited 10.0
[2025-09-24 17:53:20] [INFO   ] business.service.BankService - pool-1-thread-83 deposited 10.0
[2025-09-24 17:53:20] [INFO   ] business.service.BankService - pool-1-thread-37 deposited 10.0
[2025-09-24 17:53:20] [INFO   ] business.service.BankService - pool-1-thread-24 deposited 10.0
[2025-09-24 17:53:20] [INFO   ] business.service.BankService - pool-1-thread-20 deposited 10.0
[2025-09-24 17:53:20] [INFO   ] business.service.BankService - pool-1-thread-92 deposited 10.0
[2025-09-24 17:53:20] [INFO   ] business.service.BankService - pool-1-thread-30 deposited 10.0
[2025-09-24 17:53:20] [INFO   ] business.service.BankService - pool-1-thread-97 deposited 10.0
[2025-09-24 17:53:20] [INFO   ] business.service.BankService - pool-1-thread-99 deposited 10.0
[2025-09-24 17:53:20] [INFO   ] business.service.BankService - pool-1-thread-90 deposited 10.0
[2025-09-24 17:53:20] [INFO   ] business.service.BankService - pool-1-thread-88 deposited 10.0
[2025-09-24 17:53:20] [INFO   ] business.service.BankService - pool-1-thread-98 deposited 10.0
[2025-09-24 17:53:20] [INFO   ] business.service.BankService - pool-1-thread-57 deposited 10.0
[2025-09-24 17:53:20] [INFO   ] business.service.BankService - pool-1-thread-41 deposited 10.0
[2025-09-24 17:53:20] [INFO   ] business.service.BankService - pool-1-thread-1 deposited 10.0
[2025-09-24 17:53:20] [INFO   ] business.service.BankService - pool-1-thread-34 deposited 10.0
[2025-09-24 17:53:20] [INFO   ] business.service.BankService - pool-1-thread-31 deposited 10.0
[2025-09-24 17:53:20] [INFO   ] business.service.BankService - pool-1-thread-67 deposited 10.0
[2025-09-24 17:53:20] [INFO   ] business.service.BankService - pool-1-thread-39 deposited 10.0
[2025-09-24 17:53:20] [INFO   ] business.service.BankService - pool-1-thread-77 deposited 10.0
[2025-09-24 17:53:20] [INFO   ] business.service.BankService - pool-1-thread-25 deposited 10.0
[2025-09-24 17:53:20] [INFO   ] business.service.BankService - pool-1-thread-11 deposited 10.0
[2025-09-24 17:53:20] [INFO   ] business.service.BankService - pool-1-thread-12 deposited 10.0
[2025-09-24 17:53:20] [INFO   ] business.service.BankService - pool-1-thread-78 deposited 10.0
[2025-09-24 17:53:20] [INFO   ] business.service.BankService - pool-1-thread-43 deposited 10.0
[2025-09-24 17:53:20] [INFO   ] business.service.BankService - pool-1-thread-84 deposited 10.0
[2025-09-24 17:53:20] [INFO   ] business.service.BankService - pool-1-thread-42 deposited 10.0
[2025-09-24 17:53:20] [INFO   ] business.service.BankService - pool-1-thread-76 deposited 10.0
[2025-09-24 17:53:20] [INFO   ] business.service.BankService - pool-1-thread-64 deposited 10.0
[2025-09-24 17:53:20] [INFO   ] business.service.BankService - pool-1-thread-24 deposited 10.0
[2025-09-24 17:53:20] [INFO   ] business.service.BankService - pool-1-thread-28 deposited 10.0
[2025-09-24 17:53:21] [INFO   ] business.service.BankService - pool-1-thread-97 deposited 10.0
[2025-09-24 17:53:21] [INFO   ] business.service.BankService - pool-1-thread-6 deposited 10.0
[2025-09-24 17:53:21] [INFO   ] business.service.BankService - pool-1-thread-44 deposited 10.0
[2025-09-24 17:53:21] [INFO   ] business.service.BankService - pool-1-thread-58 deposited 10.0
[2025-09-24 17:53:21] [INFO   ] business.service.BankService - pool-1-thread-96 deposited 10.0
[2025-09-24 17:53:21] [INFO   ] business.service.BankService - pool-1-thread-9 deposited 10.0
[2025-09-24 17:53:21] [INFO   ] business.service.BankService - pool-1-thread-71 deposited 10.0
[2025-09-24 17:53:21] [INFO   ] business.service.BankService - pool-1-thread-87 deposited 10.0
[2025-09-24 17:53:21] [INFO   ] business.service.BankService - pool-1-thread-21 deposited 10.0
[2025-09-24 17:53:21] [INFO   ] business.service.BankService - pool-1-thread-83 deposited 10.0
[2025-09-24 17:53:21] [INFO   ] business.service.BankService - pool-1-thread-50 deposited 10.0
[2025-09-24 17:53:21] [INFO   ] business.service.BankService - pool-1-thread-13 deposited 10.0
[2025-09-24 17:53:21] [INFO   ] business.service.BankService - pool-1-thread-63 deposited 10.0
[2025-09-24 17:53:21] [INFO   ] business.service.BankService - pool-1-thread-93 deposited 10.0
[2025-09-24 17:53:21] [INFO   ] business.service.BankService - pool-1-thread-54 deposited 10.0
[2025-09-24 17:53:21] [INFO   ] business.service.BankService - pool-1-thread-85 deposited 10.0
[2025-09-24 17:53:21] [INFO   ] business.service.BankService - pool-1-thread-40 deposited 10.0
[2025-09-24 17:53:21] [INFO   ] business.service.BankService - pool-1-thread-6 deposited 10.0
[2025-09-24 17:53:21] [INFO   ] business.service.BankService - pool-1-thread-18 deposited 10.0
[2025-09-24 17:53:21] [INFO   ] business.service.BankService - pool-1-thread-68 deposited 10.0
[2025-09-24 17:53:21] [INFO   ] business.service.BankService - pool-1-thread-36 deposited 10.0
[2025-09-24 17:53:21] [INFO   ] business.service.BankService - pool-1-thread-16 deposited 10.0
[2025-09-24 17:53:21] [INFO   ] business.service.BankService - pool-1-thread-70 deposited 10.0
[2025-09-24 17:53:21] [INFO   ] business.service.BankService - pool-1-thread-26 deposited 10.0
[2025-09-24 17:53:21] [INFO   ] business.service.BankService - pool-1-thread-37 deposited 10.0
[2025-09-24 17:53:21] [INFO   ] business.service.BankService - pool-1-thread-52 deposited 10.0
[2025-09-24 17:53:21] [INFO   ] business.service.BankService - pool-1-thread-62 deposited 10.0
[2025-09-24 17:53:21] [INFO   ] business.service.BankService - pool-1-thread-63 deposited 10.0
[2025-09-24 17:53:21] [INFO   ] business.service.BankService - pool-1-thread-4 deposited 10.0
[2025-09-24 17:53:21] [INFO   ] business.service.BankService - pool-1-thread-38 deposited 10.0
[2025-09-24 17:53:21] [INFO   ] business.service.BankService - pool-1-thread-35 deposited 10.0
[2025-09-24 17:53:21] [INFO   ] business.service.BankService - pool-1-thread-59 deposited 10.0
[2025-09-24 17:53:21] [INFO   ] business.service.BankService - pool-1-thread-98 deposited 10.0
[2025-09-24 17:53:21] [INFO   ] business.service.BankService - pool-1-thread-8 deposited 10.0
[2025-09-24 17:53:21] [INFO   ] business.service.BankService - pool-1-thread-83 deposited 10.0
[2025-09-24 17:53:21] [INFO   ] business.service.BankService - pool-1-thread-20 deposited 10.0
[2025-09-24 17:53:21] [INFO   ] business.service.BankService - pool-1-thread-40 deposited 10.0
[2025-09-24 17:53:21] [INFO   ] business.service.BankService - pool-1-thread-1 deposited 10.0
[2025-09-24 17:53:21] [INFO   ] business.service.BankService - pool-1-thread-86 deposited 10.0
[2025-09-24 17:53:21] [INFO   ] business.service.BankService - pool-1-thread-69 deposited 10.0
[2025-09-24 17:53:21] [INFO   ] business.service.BankService - pool-1-thread-17 deposited 10.0
[2025-09-24 17:53:21] [INFO   ] business.service.BankService - pool-1-thread-73 deposited 10.0
[2025-09-24 17:53:21] [INFO   ] business.service.BankService - pool-1-thread-63 deposited 10.0
[2025-09-24 17:53:21] [INFO   ] business.service.BankService - pool-1-thread-96 deposited 10.0
[2025-09-24 17:53:21] [INFO   ] business.service.BankService - pool-1-thread-53 deposited 10.0
[2025-09-24 17:53:21] [INFO   ] business.service.BankService - pool-1-thread-55 deposited 10.0
[2025-09-24 17:53:21] [INFO   ] business.service.BankService - pool-1-thread-41 deposited 10.0
[2025-09-24 17:53:21] [INFO   ] business.service.BankService - pool-1-thread-16 deposited 10.0
[2025-09-24 17:53:21] [INFO   ] business.service.BankService - pool-1-thread-68 deposited 10.0
[2025-09-24 17:53:21] [INFO   ] business.service.BankService - pool-1-thread-62 deposited 10.0
[2025-09-24 17:53:21] [INFO   ] business.service.BankService - pool-1-thread-45 deposited 10.0
[2025-09-24 17:53:21] [INFO   ] business.service.BankService - pool-1-thread-22 deposited 10.0
[2025-09-24 17:53:21] [INFO   ] business.service.BankService - pool-1-thread-61 deposited 10.0
[2025-09-24 17:53:21] [INFO   ] business.service.BankService - pool-1-thread-56 deposited 10.0
[2025-09-24 17:53:21] [INFO   ] business.service.BankService - pool-1-thread-88 deposited 10.0
[2025-09-24 17:53:21] [INFO   ] business.service.BankService - pool-1-thread-77 deposited 10.0
[2025-09-24 17:53:21] [INFO   ] business.service.BankService - pool-1-thread-89 deposited 10.0
[2025-09-24 17:53:21] [INFO   ] business.service.BankService - pool-1-thread-25 deposited 10.0
[2025-09-24 17:53:21] [INFO   ] business.service.BankService - pool-1-thread-10 deposited 10.0
[2025-09-24 17:53:21] [INFO   ] business.service.BankService - pool-1-thread-52 deposited 10.0
[2025-09-24 17:53:21] [INFO   ] business.service.BankService - pool-1-thread-47 deposited 10.0
[2025-09-24 17:53:21] [INFO   ] business.service.BankService - pool-1-thread-36 deposited 10.0
[2025-09-24 17:53:21] [INFO   ] business.service.BankService - pool-1-thread-14 deposited 10.0
[2025-09-24 17:53:21] [INFO   ] business.service.BankService - pool-1-thread-74 deposited 10.0
[2025-09-24 17:53:21] [INFO   ] business.service.BankService - pool-1-thread-29 deposited 10.0
[2025-09-24 17:53:21] [INFO   ] business.service.BankService - pool-1-thread-80 deposited 10.0
[2025-09-24 17:53:21] [INFO   ] business.service.BankService - pool-1-thread-28 deposited 10.0
[2025-09-24 17:53:21] [INFO   ] business.service.BankService - pool-1-thread-97 deposited 10.0
[2025-09-24 17:53:21] [INFO   ] business.service.BankService - pool-1-thread-50 deposited 10.0
[2025-09-24 17:53:21] [INFO   ] business.service.BankService - pool-1-thread-12 deposited 10.0
[2025-09-24 17:53:21] [INFO   ] business.service.BankService - pool-1-thread-31 deposited 10.0
[2025-09-24 17:53:21] [INFO   ] business.service.BankService - pool-1-thread-32 deposited 10.0
[2025-09-24 17:53:21] [INFO   ] business.service.BankService - pool-1-thread-27 deposited 10.0
[2025-09-24 17:53:21] [INFO   ] business.service.BankService - pool-1-thread-98 deposited 10.0
[2025-09-24 17:53:21] [INFO   ] business.service.BankService - pool-1-thread-67 deposited 10.0
[2025-09-24 17:53:21] [INFO   ] business.service.BankService - pool-1-thread-3 deposited 10.0
[2025-09-24 17:53:21] [INFO   ] business.service.BankService - pool-1-thread-21 deposited 10.0
[2025-09-24 17:53:21] [INFO   ] business.service.BankService - pool-1-thread-44 deposited 10.0
[2025-09-24 17:53:21] [INFO   ] business.service.BankService - pool-1-thread-95 deposited 10.0
[2025-09-24 17:53:21] [INFO   ] business.service.BankService - pool-1-thread-37 deposited 10.0
[2025-09-24 17:53:21] [INFO   ] business.service.BankService - pool-1-thread-94 deposited 10.0
[2025-09-24 17:53:21] [INFO   ] business.service.BankService - pool-1-thread-85 deposited 10.0
[2025-09-24 17:53:21] [INFO   ] business.service.BankService - pool-1-thread-7 deposited 10.0
[2025-09-24 17:53:21] [INFO   ] business.service.BankService - pool-1-thread-49 deposited 10.0
[2025-09-24 17:53:21] [INFO   ] business.service.BankService - pool-1-thread-51 deposited 10.0
[2025-09-24 17:53:22] [INFO   ] business.service.BankService - pool-1-thread-15 deposited 10.0
[2025-09-24 17:53:22] [INFO   ] business.service.BankService - pool-1-thread-78 deposited 10.0
[2025-09-24 17:53:22] [INFO   ] business.service.BankService - pool-1-thread-81 deposited 10.0
[2025-09-24 17:53:22] [INFO   ] business.service.BankService - pool-1-thread-24 deposited 10.0
[2025-09-24 17:53:22] [INFO   ] business.service.BankService - pool-1-thread-5 deposited 10.0
[2025-09-24 17:53:22] [INFO   ] business.service.BankService - pool-1-thread-33 deposited 10.0
[2025-09-24 17:53:22] [INFO   ] business.service.BankService - pool-1-thread-86 deposited 10.0
[2025-09-24 17:53:22] [INFO   ] business.service.BankService - pool-1-thread-4 deposited 10.0
[2025-09-24 17:53:22] [INFO   ] business.service.BankService - pool-1-thread-82 deposited 10.0
[2025-09-24 17:53:22] [INFO   ] business.service.BankService - pool-1-thread-73 deposited 10.0
[2025-09-24 17:53:22] [INFO   ] business.service.BankService - pool-1-thread-58 deposited 10.0
[2025-09-24 17:53:22] [INFO   ] business.service.BankService - pool-1-thread-87 deposited 10.0
[2025-09-24 17:53:22] [INFO   ] business.service.BankService - pool-1-thread-9 deposited 10.0
[2025-09-24 17:53:22] [INFO   ] business.service.BankService - pool-1-thread-48 deposited 10.0
[2025-09-24 17:53:22] [INFO   ] business.service.BankService - pool-1-thread-42 deposited 10.0
[2025-09-24 17:53:22] [INFO   ] business.service.BankService - pool-1-thread-79 deposited 10.0
[2025-09-24 17:53:22] [INFO   ] business.service.BankService - pool-1-thread-2 deposited 10.0
[2025-09-24 17:53:22] [INFO   ] business.service.BankService - pool-1-thread-65 deposited 10.0
[2025-09-24 17:53:22] [INFO   ] business.service.BankService - pool-1-thread-93 deposited 10.0
[2025-09-24 17:53:22] [INFO   ] business.service.BankService - pool-1-thread-39 deposited 10.0
[2025-09-24 17:53:22] [INFO   ] business.service.BankService - pool-1-thread-12 deposited 10.0
[2025-09-24 17:53:22] [INFO   ] business.service.BankService - pool-1-thread-91 deposited 10.0
[2025-09-24 17:53:22] [INFO   ] business.service.BankService - pool-1-thread-100 deposited 10.0
[2025-09-24 17:53:22] [INFO   ] business.service.BankService - pool-1-thread-34 deposited 10.0
[2025-09-24 17:53:22] [INFO   ] business.service.BankService - pool-1-thread-26 deposited 10.0
[2025-09-24 17:53:22] [INFO   ] business.service.BankService - pool-1-thread-60 deposited 10.0
[2025-09-24 17:53:22] [INFO   ] business.service.BankService - pool-1-thread-59 deposited 10.0
[2025-09-24 17:53:22] [INFO   ] business.service.BankService - pool-1-thread-75 deposited 10.0
[2025-09-24 17:53:22] [INFO   ] business.service.BankService - pool-1-thread-43 deposited 10.0
[2025-09-24 17:53:22] [INFO   ] business.service.BankService - pool-1-thread-20 deposited 10.0
[2025-09-24 17:53:22] [INFO   ] business.service.BankService - pool-1-thread-30 deposited 10.0
[2025-09-24 17:53:22] [INFO   ] business.service.BankService - pool-1-thread-41 deposited 10.0
[2025-09-24 17:53:22] [INFO   ] business.service.BankService - pool-1-thread-56 deposited 10.0
[2025-09-24 17:53:22] [INFO   ] business.service.BankService - pool-1-thread-1 deposited 10.0
[2025-09-24 17:53:22] [INFO   ] business.service.BankService - pool-1-thread-71 deposited 10.0
[2025-09-24 17:53:22] [INFO   ] business.service.BankService - pool-1-thread-27 deposited 10.0
[2025-09-24 17:53:22] [INFO   ] business.service.BankService - pool-1-thread-69 deposited 10.0
[2025-09-24 17:53:22] [INFO   ] business.service.BankService - pool-1-thread-16 deposited 10.0
[2025-09-24 17:53:22] [INFO   ] business.service.BankService - pool-1-thread-64 deposited 10.0
[2025-09-24 17:53:22] [INFO   ] business.service.BankService - pool-1-thread-11 deposited 10.0
[2025-09-24 17:53:22] [INFO   ] business.service.BankService - pool-1-thread-54 deposited 10.0
[2025-09-24 17:53:22] [INFO   ] business.service.BankService - pool-1-thread-13 deposited 10.0
[2025-09-24 17:53:22] [INFO   ] business.service.BankService - pool-1-thread-36 deposited 10.0
[2025-09-24 17:53:22] [INFO   ] business.service.BankService - pool-1-thread-90 deposited 10.0
[2025-09-24 17:53:22] [INFO   ] business.service.BankService - pool-1-thread-18 deposited 10.0
[2025-09-24 17:53:22] [INFO   ] business.service.BankService - pool-1-thread-62 deposited 10.0
[2025-09-24 17:53:22] [INFO   ] business.service.BankService - pool-1-thread-63 deposited 10.0
[2025-09-24 17:53:22] [INFO   ] business.service.BankService - pool-1-thread-92 deposited 10.0
[2025-09-24 17:53:22] [INFO   ] business.service.BankService - pool-1-thread-68 deposited 10.0
[2025-09-24 17:53:22] [INFO   ] business.service.BankService - pool-1-thread-66 deposited 10.0
[2025-09-24 17:53:22] [INFO   ] business.service.BankService - pool-1-thread-35 deposited 10.0
[2025-09-24 17:53:22] [INFO   ] business.service.BankService - pool-1-thread-99 deposited 10.0
[2025-09-24 17:53:22] [INFO   ] business.service.BankService - pool-1-thread-100 deposited 10.0
[2025-09-24 17:53:22] [INFO   ] business.service.BankService - pool-1-thread-19 deposited 10.0
[2025-09-24 17:53:22] [INFO   ] business.service.BankService - pool-1-thread-12 deposited 10.0
[2025-09-24 17:53:22] [INFO   ] business.service.BankService - pool-1-thread-2 deposited 10.0
[2025-09-24 17:53:22] [INFO   ] business.service.BankService - pool-1-thread-93 deposited 10.0
[2025-09-24 17:53:22] [INFO   ] business.service.BankService - pool-1-thread-71 deposited 10.0
[2025-09-24 17:53:22] [INFO   ] business.service.BankService - pool-1-thread-76 deposited 10.0
[2025-09-24 17:53:22] [INFO   ] business.service.BankService - pool-1-thread-31 deposited 10.0
[2025-09-24 17:53:22] [INFO   ] business.service.BankService - pool-1-thread-5 deposited 10.0
[2025-09-24 17:53:22] [INFO   ] business.service.BankService - pool-1-thread-26 deposited 10.0
[2025-09-24 17:53:22] [INFO   ] business.service.BankService - pool-1-thread-49 deposited 10.0
[2025-09-24 17:53:22] [INFO   ] business.service.BankService - pool-1-thread-67 deposited 10.0
[2025-09-24 17:53:22] [INFO   ] business.service.BankService - pool-1-thread-87 deposited 10.0
[2025-09-24 17:53:22] [INFO   ] business.service.BankService - pool-1-thread-21 deposited 10.0
[2025-09-24 17:53:22] [INFO   ] business.service.BankService - pool-1-thread-89 deposited 10.0
[2025-09-24 17:53:22] [INFO   ] business.service.BankService - pool-1-thread-46 deposited 10.0
[2025-09-24 17:53:23] [INFO   ] business.service.BankService - pool-1-thread-53 deposited 10.0
[2025-09-24 17:53:23] [INFO   ] business.service.BankService - pool-1-thread-47 deposited 10.0
[2025-09-24 17:53:23] [INFO   ] business.service.BankService - pool-1-thread-84 deposited 10.0
[2025-09-24 17:53:23] [INFO   ] business.service.BankService - pool-1-thread-61 deposited 10.0
[2025-09-24 17:53:23] [INFO   ] business.service.BankService - pool-1-thread-22 deposited 10.0
[2025-09-24 17:53:23] [INFO   ] business.service.BankService - pool-1-thread-35 deposited 10.0
[2025-09-24 17:53:23] [INFO   ] business.service.BankService - pool-1-thread-58 deposited 10.0
[2025-09-24 17:53:23] [INFO   ] business.service.BankService - pool-1-thread-57 deposited 10.0
[2025-09-24 17:53:23] [INFO   ] business.service.BankService - pool-1-thread-28 deposited 10.0
[2025-09-24 17:53:23] [INFO   ] business.service.BankService - pool-1-thread-23 deposited 10.0
[2025-09-24 17:53:23] [INFO   ] business.service.BankService - pool-1-thread-44 deposited 10.0
[2025-09-24 17:53:23] [INFO   ] business.service.BankService - pool-1-thread-7 deposited 10.0
[2025-09-24 17:53:23] [INFO   ] business.service.BankService - pool-1-thread-94 deposited 10.0
[2025-09-24 17:53:23] [INFO   ] business.service.BankService - pool-1-thread-88 deposited 10.0
[2025-09-24 17:53:23] [INFO   ] business.service.BankService - pool-1-thread-81 deposited 10.0
[2025-09-24 17:53:23] [INFO   ] business.service.BankService - pool-1-thread-98 deposited 10.0
[2025-09-24 17:53:23] [INFO   ] business.service.BankService - pool-1-thread-40 deposited 10.0
[2025-09-24 17:53:23] [INFO   ] business.service.BankService - pool-1-thread-51 deposited 10.0
[2025-09-24 17:53:23] [INFO   ] business.service.BankService - pool-1-thread-90 deposited 10.0
[2025-09-24 17:53:23] [INFO   ] business.service.BankService - pool-1-thread-32 deposited 10.0
[2025-09-24 17:53:23] [INFO   ] business.service.BankService - pool-1-thread-43 deposited 10.0
[2025-09-24 17:53:23] [INFO   ] business.service.BankService - pool-1-thread-64 deposited 10.0
[2025-09-24 17:53:23] [INFO   ] business.service.BankService - pool-1-thread-17 deposited 10.0
[2025-09-24 17:53:23] [INFO   ] business.service.BankService - pool-1-thread-69 deposited 10.0
[2025-09-24 17:53:23] [INFO   ] business.service.BankService - pool-1-thread-10 deposited 10.0
[2025-09-24 17:53:23] [INFO   ] business.service.BankService - pool-1-thread-6 deposited 10.0
[2025-09-24 17:53:23] [INFO   ] business.service.BankService - pool-1-thread-38 deposited 10.0
[2025-09-24 17:53:23] [INFO   ] business.service.BankService - pool-1-thread-52 deposited 10.0
[2025-09-24 17:53:23] [INFO   ] business.service.BankService - pool-1-thread-8 deposited 10.0
[2025-09-24 17:53:23] [INFO   ] business.service.BankService - pool-1-thread-82 deposited 10.0
[2025-09-24 17:53:23] [INFO   ] business.service.BankService - pool-1-thread-1 deposited 10.0
[2025-09-24 17:53:23] [INFO   ] business.service.BankService - pool-1-thread-83 deposited 10.0
[2025-09-24 17:53:23] [INFO   ] business.service.BankService - pool-1-thread-28 deposited 10.0
[2025-09-24 17:53:23] [INFO   ] business.service.BankService - pool-1-thread-61 deposited 10.0
[2025-09-24 17:53:23] [INFO   ] business.service.BankService - pool-1-thread-65 deposited 10.0
[2025-09-24 17:53:23] [INFO   ] business.service.BankService - pool-1-thread-74 deposited 10.0
[2025-09-24 17:53:23] [INFO   ] business.service.BankService - pool-1-thread-49 deposited 10.0
[2025-09-24 17:53:23] [INFO   ] business.service.BankService - pool-1-thread-62 deposited 10.0
[2025-09-24 17:53:23] [INFO   ] business.service.BankService - pool-1-thread-70 deposited 10.0
[2025-09-24 17:53:23] [INFO   ] business.service.BankService - pool-1-thread-13 deposited 10.0
[2025-09-24 17:53:23] [INFO   ] business.service.BankService - pool-1-thread-79 deposited 10.0
[2025-09-24 17:53:23] [INFO   ] business.service.BankService - pool-1-thread-91 deposited 10.0
[2025-09-24 17:53:23] [INFO   ] business.service.BankService - pool-1-thread-9 deposited 10.0
[2025-09-24 17:53:23] [INFO   ] business.service.BankService - pool-1-thread-54 deposited 10.0
[2025-09-24 17:53:23] [INFO   ] business.service.BankService - pool-1-thread-48 deposited 10.0
[2025-09-24 17:53:23] [INFO   ] business.service.BankService - pool-1-thread-95 deposited 10.0
[2025-09-24 17:53:23] [INFO   ] business.service.BankService - pool-1-thread-10 deposited 10.0
[2025-09-24 17:53:23] [INFO   ] business.service.BankService - pool-1-thread-90 deposited 10.0
[2025-09-24 17:53:23] [INFO   ] business.service.BankService - pool-1-thread-16 deposited 10.0
[2025-09-24 17:53:23] [INFO   ] business.service.BankService - pool-1-thread-76 deposited 10.0
[2025-09-24 17:53:23] [INFO   ] business.service.BankService - pool-1-thread-97 deposited 10.0
[2025-09-24 17:53:23] [INFO   ] business.service.BankService - pool-1-thread-39 deposited 10.0
[2025-09-24 17:53:23] [INFO   ] business.service.BankService - pool-1-thread-55 deposited 10.0
[2025-09-24 17:53:23] [INFO   ] business.service.BankService - pool-1-thread-4 deposited 10.0
[2025-09-24 17:53:23] [INFO   ] business.service.BankService - pool-1-thread-15 deposited 10.0
[2025-09-24 17:53:23] [INFO   ] business.service.BankService - pool-1-thread-34 deposited 10.0
[2025-09-24 17:53:23] [INFO   ] business.service.BankService - pool-1-thread-72 deposited 10.0
[2025-09-24 17:53:23] [INFO   ] business.service.BankService - pool-1-thread-30 deposited 10.0
[2025-09-24 17:53:23] [INFO   ] business.service.BankService - pool-1-thread-42 deposited 10.0
[2025-09-24 17:53:23] [INFO   ] business.service.BankService - pool-1-thread-82 deposited 10.0
[2025-09-24 17:53:23] [INFO   ] business.service.BankService - pool-1-thread-54 deposited 10.0
[2025-09-24 17:53:23] [INFO   ] business.service.BankService - pool-1-thread-46 deposited 10.0
[2025-09-24 17:53:23] [INFO   ] business.service.BankService - pool-1-thread-66 deposited 10.0
[2025-09-24 17:53:23] [INFO   ] business.service.BankService - pool-1-thread-49 deposited 10.0
[2025-09-24 17:53:23] [INFO   ] business.service.BankService - pool-1-thread-69 deposited 10.0
[2025-09-24 17:53:23] [INFO   ] business.service.BankService - pool-1-thread-68 deposited 10.0
[2025-09-24 17:53:23] [INFO   ] business.service.BankService - pool-1-thread-78 deposited 10.0
[2025-09-24 17:53:24] [INFO   ] business.service.BankService - pool-1-thread-97 deposited 10.0
[2025-09-24 17:53:24] [INFO   ] business.service.BankService - pool-1-thread-21 deposited 10.0
[2025-09-24 17:53:24] [INFO   ] business.service.BankService - pool-1-thread-31 deposited 10.0
[2025-09-24 17:53:24] [INFO   ] business.service.BankService - pool-1-thread-55 deposited 10.0
[2025-09-24 17:53:24] [INFO   ] business.service.BankService - pool-1-thread-60 deposited 10.0
[2025-09-24 17:53:24] [INFO   ] business.service.BankService - pool-1-thread-25 deposited 10.0
[2025-09-24 17:53:24] [INFO   ] business.service.BankService - pool-1-thread-73 deposited 10.0
[2025-09-24 17:53:24] [INFO   ] business.service.BankService - pool-1-thread-58 deposited 10.0
[2025-09-24 17:53:24] [INFO   ] business.service.BankService - pool-1-thread-11 deposited 10.0
[2025-09-24 17:53:24] [INFO   ] business.service.BankService - pool-1-thread-61 deposited 10.0
[2025-09-24 17:53:24] [INFO   ] business.service.BankService - pool-1-thread-98 deposited 10.0
[2025-09-24 17:53:24] [INFO   ] business.service.BankService - pool-1-thread-64 deposited 10.0
[2025-09-24 17:53:24] [INFO   ] business.service.BankService - pool-1-thread-82 deposited 10.0
[2025-09-24 17:53:24] [INFO   ] business.service.BankService - pool-1-thread-59 deposited 10.0
[2025-09-24 17:53:24] [INFO   ] business.service.BankService - pool-1-thread-65 deposited 10.0
[2025-09-24 17:53:24] [INFO   ] business.service.BankService - pool-1-thread-46 deposited 10.0
[2025-09-24 17:53:24] [INFO   ] business.service.BankService - pool-1-thread-27 deposited 10.0
[2025-09-24 17:53:24] [INFO   ] business.service.BankService - pool-1-thread-26 deposited 10.0
[2025-09-24 17:53:24] [INFO   ] business.service.BankService - pool-1-thread-8 deposited 10.0
[2025-09-24 17:53:24] [INFO   ] business.service.BankService - pool-1-thread-44 deposited 10.0
[2025-09-24 17:53:24] [INFO   ] business.service.BankService - pool-1-thread-57 deposited 10.0
[2025-09-24 17:53:24] [INFO   ] business.service.BankService - pool-1-thread-87 deposited 10.0
[2025-09-24 17:53:24] [INFO   ] business.service.BankService - pool-1-thread-6 deposited 10.0
[2025-09-24 17:53:24] [INFO   ] business.service.BankService - pool-1-thread-24 deposited 10.0
[2025-09-24 17:53:24] [INFO   ] business.service.BankService - pool-1-thread-100 deposited 10.0
[2025-09-24 17:53:24] [INFO   ] business.service.BankService - pool-1-thread-20 deposited 10.0
[2025-09-24 17:53:24] [INFO   ] business.service.BankService - pool-1-thread-18 deposited 10.0
[2025-09-24 17:53:24] [INFO   ] business.service.BankService - pool-1-thread-96 deposited 10.0
[2025-09-24 17:53:24] [INFO   ] business.service.BankService - pool-1-thread-17 deposited 10.0
[2025-09-24 17:53:24] [INFO   ] business.service.BankService - pool-1-thread-93 deposited 10.0
[2025-09-24 17:53:24] [INFO   ] business.service.BankService - pool-1-thread-12 deposited 10.0
[2025-09-24 17:53:24] [INFO   ] business.service.BankService - pool-1-thread-52 deposited 10.0
[2025-09-24 17:53:24] [INFO   ] business.service.BankService - pool-1-thread-2 deposited 10.0
[2025-09-24 17:53:24] [INFO   ] business.service.BankService - pool-1-thread-92 deposited 10.0
[2025-09-24 17:53:24] [INFO   ] business.service.BankService - pool-1-thread-91 deposited 10.0
[2025-09-24 17:53:24] [INFO   ] business.service.BankService - pool-1-thread-5 deposited 10.0
[2025-09-24 17:53:24] [INFO   ] business.service.BankService - pool-1-thread-16 deposited 10.0
[2025-09-24 17:53:24] [INFO   ] business.service.BankService - pool-1-thread-41 deposited 10.0
[2025-09-24 17:53:24] [INFO   ] business.service.BankService - pool-1-thread-37 deposited 10.0
[2025-09-24 17:53:24] [INFO   ] business.service.BankService - pool-1-thread-56 deposited 10.0
[2025-09-24 17:53:24] [INFO   ] business.service.BankService - pool-1-thread-30 deposited 10.0
[2025-09-24 17:53:24] [INFO   ] business.service.BankService - pool-1-thread-94 deposited 10.0
[2025-09-24 17:53:24] [INFO   ] business.service.BankService - pool-1-thread-99 deposited 10.0
[2025-09-24 17:53:24] [INFO   ] business.service.BankService - pool-1-thread-3 deposited 10.0
[2025-09-24 17:53:24] [INFO   ] business.service.BankService - pool-1-thread-14 deposited 10.0
[2025-09-24 17:53:24] [INFO   ] business.service.BankService - pool-1-thread-85 deposited 10.0
[2025-09-24 17:53:24] [INFO   ] business.service.BankService - pool-1-thread-22 deposited 10.0
[2025-09-24 17:53:24] [INFO   ] business.service.BankService - pool-1-thread-80 deposited 10.0
[2025-09-24 17:53:24] [INFO   ] business.service.BankService - pool-1-thread-15 deposited 10.0
[2025-09-24 17:53:24] [INFO   ] business.service.BankService - pool-1-thread-33 deposited 10.0
[2025-09-24 17:53:24] [INFO   ] business.service.BankService - pool-1-thread-73 deposited 10.0
[2025-09-24 17:53:24] [INFO   ] business.service.BankService - pool-1-thread-1 deposited 10.0
[2025-09-24 17:53:24] [INFO   ] business.service.BankService - pool-1-thread-35 deposited 10.0
[2025-09-24 17:53:24] [INFO   ] business.service.BankService - pool-1-thread-64 deposited 10.0
[2025-09-24 17:53:24] [INFO   ] business.service.BankService - pool-1-thread-81 deposited 10.0
[2025-09-24 17:53:24] [INFO   ] business.service.BankService - pool-1-thread-9 deposited 10.0
[2025-09-24 17:53:24] [INFO   ] business.service.BankService - pool-1-thread-29 deposited 10.0
[2025-09-24 17:53:24] [INFO   ] business.service.BankService - pool-1-thread-63 deposited 10.0
[2025-09-24 17:53:24] [INFO   ] business.service.BankService - pool-1-thread-48 deposited 10.0
[2025-09-24 17:53:24] [INFO   ] business.service.BankService - pool-1-thread-36 deposited 10.0
[2025-09-24 17:53:24] [INFO   ] business.service.BankService - pool-1-thread-45 deposited 10.0
[2025-09-24 17:53:24] [INFO   ] business.service.BankService - pool-1-thread-67 deposited 10.0
[2025-09-24 17:53:24] [INFO   ] business.service.BankService - pool-1-thread-43 deposited 10.0
[2025-09-24 17:53:24] [INFO   ] business.service.BankService - pool-1-thread-86 deposited 10.0
[2025-09-24 17:53:24] [INFO   ] business.service.BankService - pool-1-thread-50 deposited 10.0
[2025-09-24 17:53:24] [INFO   ] business.service.BankService - pool-1-thread-13 deposited 10.0
[2025-09-24 17:53:24] [INFO   ] business.service.BankService - pool-1-thread-75 deposited 10.0
[2025-09-24 17:53:24] [INFO   ] business.service.BankService - pool-1-thread-93 deposited 10.0
[2025-09-24 17:53:24] [INFO   ] business.service.BankService - pool-1-thread-10 deposited 10.0
[2025-09-24 17:53:24] [INFO   ] business.service.BankService - pool-1-thread-47 deposited 10.0
[2025-09-24 17:53:24] [INFO   ] business.service.BankService - pool-1-thread-69 deposited 10.0
[2025-09-24 17:53:24] [INFO   ] business.service.BankService - pool-1-thread-88 deposited 10.0
[2025-09-24 17:53:24] [INFO   ] business.service.BankService - pool-1-thread-55 deposited 10.0
[2025-09-24 17:53:24] [INFO   ] business.service.BankService - pool-1-thread-68 deposited 10.0
[2025-09-24 17:53:24] [INFO   ] business.service.BankService - pool-1-thread-17 deposited 10.0
[2025-09-24 17:53:24] [INFO   ] business.service.BankService - pool-1-thread-11 deposited 10.0
[2025-09-24 17:53:24] [INFO   ] business.service.BankService - pool-1-thread-18 deposited 10.0
[2025-09-24 17:53:24] [INFO   ] business.service.BankService - pool-1-thread-71 deposited 10.0
[2025-09-24 17:53:24] [INFO   ] business.service.BankService - pool-1-thread-77 deposited 10.0
[2025-09-24 17:53:24] [INFO   ] business.service.BankService - pool-1-thread-89 deposited 10.0
[2025-09-24 17:53:24] [INFO   ] business.service.BankService - pool-1-thread-70 deposited 10.0
[2025-09-24 17:53:24] [INFO   ] business.service.BankService - pool-1-thread-76 deposited 10.0
[2025-09-24 17:53:24] [INFO   ] business.service.BankService - pool-1-thread-23 deposited 10.0
[2025-09-24 17:53:24] [INFO   ] business.service.BankService - pool-1-thread-27 deposited 10.0
[2025-09-24 17:53:24] [INFO   ] business.service.BankService - pool-1-thread-54 deposited 10.0
[2025-09-24 17:53:24] [INFO   ] business.service.BankService - pool-1-thread-31 deposited 10.0
[2025-09-24 17:53:24] [INFO   ] business.service.BankService - pool-1-thread-19 deposited 10.0
[2025-09-24 17:53:24] [INFO   ] business.service.BankService - pool-1-thread-49 deposited 10.0
[2025-09-24 17:53:24] [INFO   ] business.service.BankService - pool-1-thread-6 deposited 10.0
[2025-09-24 17:53:24] [INFO   ] business.service.BankService - pool-1-thread-84 deposited 10.0
[2025-09-24 17:53:24] [INFO   ] business.service.BankService - pool-1-thread-4 deposited 10.0
[2025-09-24 17:53:24] [INFO   ] business.service.BankService - pool-1-thread-28 deposited 10.0
[2025-09-24 17:53:25] [INFO   ] business.service.BankService - pool-1-thread-38 deposited 10.0
[2025-09-24 17:53:25] [INFO   ] business.service.BankService - pool-1-thread-90 deposited 10.0
[2025-09-24 17:53:25] [INFO   ] business.service.BankService - pool-1-thread-62 deposited 10.0
[2025-09-24 17:53:25] [INFO   ] business.service.BankService - pool-1-thread-53 deposited 10.0
[2025-09-24 17:53:25] [INFO   ] business.service.BankService - pool-1-thread-39 deposited 10.0
[2025-09-24 17:53:25] [INFO   ] business.service.BankService - pool-1-thread-60 deposited 10.0
[2025-09-24 17:53:25] [INFO   ] business.service.BankService - pool-1-thread-58 deposited 10.0
[2025-09-24 17:53:25] [INFO   ] business.service.BankService - pool-1-thread-59 deposited 10.0
[2025-09-24 17:53:25] [INFO   ] business.service.BankService - pool-1-thread-95 deposited 10.0
[2025-09-24 17:53:25] [INFO   ] business.service.BankService - pool-1-thread-98 deposited 10.0
[2025-09-24 17:53:25] [INFO   ] business.service.BankService - pool-1-thread-74 deposited 10.0
[2025-09-24 17:53:25] [INFO   ] business.service.BankService - pool-1-thread-83 deposited 10.0
[2025-09-24 17:53:25] [INFO   ] business.service.BankService - pool-1-thread-44 deposited 10.0
[2025-09-24 17:53:25] [INFO   ] business.service.BankService - pool-1-thread-79 deposited 10.0
[2025-09-24 17:53:25] [INFO   ] business.service.BankService - pool-1-thread-97 deposited 10.0
[2025-09-24 17:53:25] [INFO   ] business.service.BankService - pool-1-thread-61 deposited 10.0
[2025-09-24 17:53:25] [INFO   ] business.service.BankService - pool-1-thread-87 deposited 10.0
[2025-09-24 17:53:25] [INFO   ] business.service.BankService - pool-1-thread-72 deposited 10.0
[2025-09-24 17:53:25] [INFO   ] business.service.BankService - pool-1-thread-21 deposited 10.0
[2025-09-24 17:53:25] [INFO   ] business.service.BankService - pool-1-thread-8 deposited 10.0
[2025-09-24 17:53:25] [INFO   ] business.service.BankService - pool-1-thread-78 deposited 10.0
[2025-09-24 17:53:25] [INFO   ] business.service.BankService - pool-1-thread-65 deposited 10.0
[2025-09-24 17:53:25] [INFO   ] business.service.BankService - pool-1-thread-96 deposited 10.0
[2025-09-24 17:53:25] [INFO   ] business.service.BankService - pool-1-thread-24 deposited 10.0
[2025-09-24 17:53:25] [INFO   ] business.service.BankService - pool-1-thread-66 deposited 10.0
[2025-09-24 17:53:25] [INFO   ] business.service.BankService - pool-1-thread-25 deposited 10.0
[2025-09-24 17:53:25] [INFO   ] business.service.BankService - pool-1-thread-51 deposited 10.0
[2025-09-24 17:53:25] [INFO   ] business.service.BankService - pool-1-thread-52 deposited 10.0
[2025-09-24 17:53:25] [INFO   ] business.service.BankService - pool-1-thread-42 deposited 10.0
[2025-09-24 17:53:25] [INFO   ] business.service.BankService - pool-1-thread-40 deposited 10.0
[2025-09-24 17:53:25] [INFO   ] business.service.BankService - pool-1-thread-82 deposited 10.0
[2025-09-24 17:53:25] [INFO   ] business.service.BankService - pool-1-thread-46 deposited 10.0
[2025-09-24 17:53:25] [INFO   ] business.service.BankService - pool-1-thread-57 deposited 10.0
[2025-09-24 17:53:25] [INFO   ] business.service.BankService - pool-1-thread-34 deposited 10.0
[2025-09-24 17:53:25] [INFO   ] business.service.BankService - pool-1-thread-32 deposited 10.0
[2025-09-24 17:53:25] [INFO   ] business.service.BankService - pool-1-thread-26 deposited 10.0
[2025-09-24 17:53:25] [INFO   ] business.service.BankService - pool-1-thread-100 deposited 10.0
[2025-09-24 17:53:25] [INFO   ] business.service.BankService - pool-1-thread-7 deposited 10.0
[2025-09-24 17:53:25] [INFO   ] business.service.BankService - pool-1-thread-12 deposited 10.0
[2025-09-24 17:53:25] [INFO   ] business.service.BankService - pool-1-thread-20 deposited 10.0
[2025-09-24 17:53:25] [INFO   ] test.GUIDepositTest - All deposit tasks completed.
